#
# There is insufficient memory for the Java Runtime Environment to continue.
# Native memory allocation (malloc) failed to allocate 1275056 bytes for Chunk::new
# Possible reasons:
#   The system is out of physical RAM or swap space
#   The process is running with CompressedOops enabled, and the Java Heap may be blocking the growth of the native heap
# Possible solutions:
#   Reduce memory load on the system
#   Increase physical memory or swap space
#   Check if swap backing store is full
#   Decrease Java heap size (-Xmx/-Xms)
#   Decrease number of Java threads
#   Decrease Java thread stack sizes (-Xss)
#   Set larger code cache with -XX:ReservedCodeCacheSize=
#   JVM is running with Unscaled Compressed Oops mode in which the Java heap is
#     placed in the first 4GB address space. The Java Heap base address is the
#     maximum limit for the native heap growth. Please use -XX:HeapBaseMinAddress
#     to set the Java Heap base and to place the Java Heap above 4GB virtual address.
# This output file may be truncated or incomplete.
#
#  Out of Memory Error (t:/workspace/open/src/hotspot/share/memory/arena.cpp:197), pid=12700, tid=12980
#
# JRE version: OpenJDK Runtime Environment (11.0.1+13) (build 11.0.1+13)
# Java VM: OpenJDK 64-Bit Server VM (11.0.1+13, mixed mode, tiered, compressed oops, g1 gc, windows-amd64)
# No core dump will be written. Minidumps are not enabled by default on client versions of Windows
#

---------------  S U M M A R Y ------------

Command Line: --add-modules=ALL-SYSTEM --add-opens=java.base/java.util=ALL-UNNAMED --add-opens=java.base/java.lang=ALL-UNNAMED -Declipse.application=org.eclipse.jdt.ls.core.id1 -Dosgi.bundles.defaultStartLevel=4 -Declipse.product=org.eclipse.jdt.ls.core.product -Xverify:none -Xmx1G -XX:+UseG1GC -XX:+UseStringDeduplication C:\Users\Public\frc2019\vscode\data\extensions\redhat.java-0.35.0\server\plugins\org.eclipse.equinox.launcher_1.5.200.v20180922-1751.jar -configuration C:\Users\Public\frc2019\vscode\data\extensions\redhat.java-0.35.0\server\config_win -data c:\Users\Public\frc2019\vscode\data\user-data\User\workspaceStorage\1134f63d4c6ef5d1f1d9227178e85544\redhat.java\jdt_ws

Host: Intel(R) Core(TM) i7-8565U CPU @ 1.80GHz, 8 cores, 15G,  Windows 10 , 64 bit Build 17134 (10.0.17134.753)
Time: Sun May 26 19:19:06 2019 Central Daylight Time elapsed time: 28349 seconds (0d 7h 52m 29s)

---------------  T H R E A D  ---------------

Current thread (0x0000018a3f210800):  JavaThread "C2 CompilerThread0" daemon [_thread_in_native, id=12980, stack(0x000000342aa00000,0x000000342ab00000)]


Current CompileTask:
C2:28349649 15597   !   4       org.eclipse.osgi.internal.loader.classpath.ClasspathManager::defineClass (636 bytes)

Stack: [0x000000342aa00000,0x000000342ab00000]
Native frames: (J=compiled Java code, j=interpreted, Vv=VM code, C=native code)
V  [jvm.dll+0x63ad9a]
V  [jvm.dll+0x77851f]
V  [jvm.dll+0x779b08]
V  [jvm.dll+0x77a1c3]
V  [jvm.dll+0x2624c8]
V  [jvm.dll+0xc5b61]
V  [jvm.dll+0xc60fc]
V  [jvm.dll+0x36e5f2]
V  [jvm.dll+0x33b413]
V  [jvm.dll+0x33a7ea]
V  [jvm.dll+0x21c365]
V  [jvm.dll+0x21b50a]
V  [jvm.dll+0x198400]
V  [jvm.dll+0x22a4ff]
V  [jvm.dll+0x228b18]
V  [jvm.dll+0x73dc2d]
V  [jvm.dll+0x639e32]
C  [ucrtbase.dll+0x1e3fe]
C  [KERNEL32.DLL+0x14034]
C  [ntdll.dll+0x73691]


---------------  P R O C E S S  ---------------

Threads class SMR info:
_java_thread_list=0x0000018a53982070, length=23, elements={
0x0000018a222d5800, 0x0000018a3f1b0800, 0x0000018a3f1fc800, 0x0000018a3f20b800,
0x0000018a3f20c800, 0x0000018a3f210800, 0x0000018a3f217800, 0x0000018a3f21d000,
0x0000018a3f395800, 0x0000018a3f4a6000, 0x0000018a3f8b3000, 0x0000018a3fdca800,
0x0000018a3fcee000, 0x0000018a40570800, 0x0000018a40e9c800, 0x0000018a3f9a8800,
0x0000018a3f9a9000, 0x0000018a3f9aa000, 0x0000018a4e262800, 0x0000018a4e264800,
0x0000018a4e267000, 0x0000018a4e269000, 0x0000018a4e264000
}

Java Threads: ( => current thread )
  0x0000018a222d5800 JavaThread "main" [_thread_blocked, id=12816, stack(0x0000003429e00000,0x0000003429f00000)]
  0x0000018a3f1b0800 JavaThread "Reference Handler" daemon [_thread_blocked, id=12928, stack(0x000000342a600000,0x000000342a700000)]
  0x0000018a3f1fc800 JavaThread "Finalizer" daemon [_thread_blocked, id=12932, stack(0x000000342a700000,0x000000342a800000)]
  0x0000018a3f20b800 JavaThread "Signal Dispatcher" daemon [_thread_blocked, id=12972, stack(0x000000342a800000,0x000000342a900000)]
  0x0000018a3f20c800 JavaThread "Attach Listener" daemon [_thread_blocked, id=12976, stack(0x000000342a900000,0x000000342aa00000)]
=>0x0000018a3f210800 JavaThread "C2 CompilerThread0" daemon [_thread_in_native, id=12980, stack(0x000000342aa00000,0x000000342ab00000)]
  0x0000018a3f217800 JavaThread "C1 CompilerThread0" daemon [_thread_blocked, id=12984, stack(0x000000342ab00000,0x000000342ac00000)]
  0x0000018a3f21d000 JavaThread "Sweeper thread" daemon [_thread_blocked, id=12988, stack(0x000000342ac00000,0x000000342ad00000)]
  0x0000018a3f395800 JavaThread "Common-Cleaner" daemon [_thread_blocked, id=13084, stack(0x000000342ad00000,0x000000342ae00000)]
  0x0000018a3f4a6000 JavaThread "Service Thread" daemon [_thread_blocked, id=13180, stack(0x000000342ae00000,0x000000342af00000)]
  0x0000018a3f8b3000 JavaThread "Active Thread: Equinox Container: bd332f54-5631-4e28-917b-57ab707b857f" [_thread_blocked, id=13500, stack(0x000000342b100000,0x000000342b200000)]
  0x0000018a3fdca800 JavaThread "Framework Event Dispatcher: Equinox Container: bd332f54-5631-4e28-917b-57ab707b857f" daemon [_thread_blocked, id=13700, stack(0x000000342b600000,0x000000342b700000)]
  0x0000018a3fcee000 JavaThread "Start Level: Equinox Container: bd332f54-5631-4e28-917b-57ab707b857f" daemon [_thread_blocked, id=13704, stack(0x000000342b700000,0x000000342b800000)]
  0x0000018a40570800 JavaThread "Worker-JM" [_thread_blocked, id=13792, stack(0x000000342b800000,0x000000342b900000)]
  0x0000018a40e9c800 JavaThread "Java indexing" daemon [_thread_blocked, id=13936, stack(0x000000342bf00000,0x000000342c000000)]
  0x0000018a3f9a8800 JavaThread "pool-2-thread-1" [_thread_blocked, id=9652, stack(0x000000342c300000,0x000000342c400000)]
  0x0000018a3f9a9000 JavaThread "Bundle File Closer" daemon [_thread_blocked, id=9276, stack(0x000000342c400000,0x000000342c500000)]
  0x0000018a3f9aa000 JavaThread "pool-1-thread-1" [_thread_in_native, id=9224, stack(0x000000342c500000,0x000000342c600000)]
  0x0000018a4e262800 JavaThread "Worker-8" [_thread_blocked, id=9884, stack(0x0000003429c00000,0x0000003429d00000)]
  0x0000018a4e264800 JavaThread "ForkJoinPool.commonPool-worker-9" daemon [_thread_blocked, id=5176, stack(0x0000003429b00000,0x0000003429c00000)]
  0x0000018a4e267000 JavaThread "Worker-9" [_thread_blocked, id=15184, stack(0x000000342c200000,0x000000342c300000)]
  0x0000018a4e269000 JavaThread "pool-29-thread-1" [_thread_blocked, id=58224, stack(0x000000342b900000,0x000000342ba00000)]
  0x0000018a4e264000 JavaThread "Framework stop" [_thread_blocked, id=64480, stack(0x000000342ba00000,0x000000342bb00000)]

Other Threads:
  0x0000018a3e984000 VMThread "VM Thread" [stack: 0x000000342a500000,0x000000342a600000] [id=12908]
  0x0000018a3f46a000 WatcherThread [stack: 0x000000342af00000,0x000000342b000000] [id=13184]
  0x0000018a222ec800 GCTaskThread "GC Thread#0" [stack: 0x0000003429f00000,0x000000342a000000] [id=12844]
  0x0000018a3f4da000 GCTaskThread "GC Thread#1" [stack: 0x000000342b000000,0x000000342b100000] [id=13680]
  0x0000018a406a8000 GCTaskThread "GC Thread#2" [stack: 0x000000342b200000,0x000000342b300000] [id=13684]
  0x0000018a406a9000 GCTaskThread "GC Thread#3" [stack: 0x000000342b300000,0x000000342b400000] [id=13688]
  0x0000018a3f9f5000 GCTaskThread "GC Thread#4" [stack: 0x000000342b400000,0x000000342b500000] [id=13692]
  0x0000018a3f9f6000 GCTaskThread "GC Thread#5" [stack: 0x000000342b500000,0x000000342b600000] [id=13696]
  0x0000018a40c8a800 GCTaskThread "GC Thread#6" [stack: 0x000000342bc00000,0x000000342bd00000] [id=13912]
  0x0000018a40cde800 GCTaskThread "GC Thread#7" [stack: 0x000000342bd00000,0x000000342be00000] [id=13916]
  0x0000018a22309000 ConcurrentGCThread "G1 Main Marker" [stack: 0x000000342a000000,0x000000342a100000] [id=12852]
  0x0000018a2230a800 ConcurrentGCThread "G1 Conc#0" [stack: 0x000000342a100000,0x000000342a200000] [id=12856]
  0x0000018a40f45800 ConcurrentGCThread "G1 Conc#1" [stack: 0x000000342be00000,0x000000342bf00000] [id=13920]
  0x0000018a223ae000 ConcurrentGCThread "G1 Refine#0" [stack: 0x000000342a200000,0x000000342a300000] [id=12860]
  0x0000018a3e7ef800 ConcurrentGCThread "G1 Young RemSet Sampling" [stack: 0x000000342a300000,0x000000342a400000] [id=12864]
  0x0000018a3e7fa000 ConcurrentGCThread "StrDedup" [stack: 0x000000342a400000,0x000000342a500000] [id=12868]

Threads with active compile tasks:
C2 CompilerThread015597   !   4       org.eclipse.osgi.internal.loader.classpath.ClasspathManager::defineClass (636 bytes)

VM state:not at safepoint (normal execution)

VM Mutex/Monitor currently owned by a thread: None

Heap address: 0x00000000c0000000, size: 1024 MB, Compressed Oops mode: 32-bit
Narrow klass base: 0x0000000000000000, Narrow klass shift: 3
Compressed class space size: 1073741824 Address: 0x0000000100000000

Heap:
 garbage-first heap   total 260096K, used 130693K [0x00000000c0000000, 0x0000000100000000)
  region size 1024K, 85 young (87040K), 5 survivors (5120K)
 Metaspace       used 69268K, capacity 72308K, committed 72444K, reserved 1114112K
  class space    used 6412K, capacity 7489K, committed 7500K, reserved 1048576K
Heap Regions: E=young(eden), S=young(survivor), O=old, HS=humongous(starts), HC=humongous(continues), CS=collection set, F=free, A=archive, TAMS=top-at-mark-start (previous, next)
|   0|0x00000000c0000000, 0x00000000c0100000, 0x00000000c0100000|100%| O|  |TAMS 0x00000000c0100000, 0x00000000c0000000| Untracked 
|   1|0x00000000c0100000, 0x00000000c0200000, 0x00000000c0200000|100%| O|  |TAMS 0x00000000c0200000, 0x00000000c0100000| Untracked 
|   2|0x00000000c0200000, 0x00000000c0300000, 0x00000000c0300000|100%| O|  |TAMS 0x00000000c0300000, 0x00000000c0200000| Untracked 
|   3|0x00000000c0300000, 0x00000000c0400000, 0x00000000c0400000|100%| O|  |TAMS 0x00000000c0400000, 0x00000000c0300000| Untracked 
|   4|0x00000000c0400000, 0x00000000c0500000, 0x00000000c0500000|100%| O|  |TAMS 0x00000000c0500000, 0x00000000c0400000| Untracked 
|   5|0x00000000c0500000, 0x00000000c0600000, 0x00000000c0600000|100%| O|  |TAMS 0x00000000c0600000, 0x00000000c0500000| Untracked 
|   6|0x00000000c0600000, 0x00000000c0700000, 0x00000000c0700000|100%| O|  |TAMS 0x00000000c0700000, 0x00000000c0600000| Untracked 
|   7|0x00000000c0700000, 0x00000000c0800000, 0x00000000c0800000|100%|HS|  |TAMS 0x00000000c0800000, 0x00000000c0700000| Complete 
|   8|0x00000000c0800000, 0x00000000c0900000, 0x00000000c0900000|100%| O|  |TAMS 0x00000000c0900000, 0x00000000c0800000| Untracked 
|   9|0x00000000c0900000, 0x00000000c0a00000, 0x00000000c0a00000|100%| O|  |TAMS 0x00000000c0a00000, 0x00000000c0900000| Untracked 
|  10|0x00000000c0a00000, 0x00000000c0b00000, 0x00000000c0b00000|100%| O|  |TAMS 0x00000000c0b00000, 0x00000000c0a00000| Untracked 
|  11|0x00000000c0b00000, 0x00000000c0c00000, 0x00000000c0c00000|100%| O|  |TAMS 0x00000000c0c00000, 0x00000000c0b00000| Untracked 
|  12|0x00000000c0c00000, 0x00000000c0d00000, 0x00000000c0d00000|100%| O|  |TAMS 0x00000000c0d00000, 0x00000000c0c00000| Untracked 
|  13|0x00000000c0d00000, 0x00000000c0e00000, 0x00000000c0e00000|100%| O|  |TAMS 0x00000000c0e00000, 0x00000000c0d00000| Untracked 
|  14|0x00000000c0e00000, 0x00000000c0f00000, 0x00000000c0f00000|100%| O|  |TAMS 0x00000000c0f00000, 0x00000000c0e00000| Untracked 
|  15|0x00000000c0f00000, 0x00000000c1000000, 0x00000000c1000000|100%| O|  |TAMS 0x00000000c1000000, 0x00000000c0f00000| Untracked 
|  16|0x00000000c1000000, 0x00000000c1100000, 0x00000000c1100000|100%| O|  |TAMS 0x00000000c1100000, 0x00000000c1000000| Untracked 
|  17|0x00000000c1100000, 0x00000000c1200000, 0x00000000c1200000|100%| O|  |TAMS 0x00000000c1200000, 0x00000000c1100000| Untracked 
|  18|0x00000000c1200000, 0x00000000c1300000, 0x00000000c1300000|100%| O|  |TAMS 0x00000000c1300000, 0x00000000c1200000| Untracked 
|  19|0x00000000c1300000, 0x00000000c1400000, 0x00000000c1400000|100%| O|  |TAMS 0x00000000c1400000, 0x00000000c1300000| Untracked 
|  20|0x00000000c1400000, 0x00000000c1500000, 0x00000000c1500000|100%| O|  |TAMS 0x00000000c1500000, 0x00000000c1400000| Untracked 
|  21|0x00000000c1500000, 0x00000000c1600000, 0x00000000c1600000|100%| O|  |TAMS 0x00000000c1600000, 0x00000000c1500000| Untracked 
|  22|0x00000000c1600000, 0x00000000c1700000, 0x00000000c1700000|100%| O|  |TAMS 0x00000000c1700000, 0x00000000c1600000| Untracked 
|  23|0x00000000c1700000, 0x00000000c1800000, 0x00000000c1800000|100%| O|  |TAMS 0x00000000c1800000, 0x00000000c1700000| Untracked 
|  24|0x00000000c1800000, 0x00000000c1900000, 0x00000000c1900000|100%| O|  |TAMS 0x00000000c1895e00, 0x00000000c1800000| Untracked 
|  25|0x00000000c1900000, 0x00000000c1a00000, 0x00000000c1a00000|100%|HS|  |TAMS 0x00000000c1a00000, 0x00000000c1900000| Complete 
|  26|0x00000000c1a00000, 0x00000000c1b00000, 0x00000000c1b00000|100%| O|  |TAMS 0x00000000c1a00000, 0x00000000c1a00000| Untracked 
|  27|0x00000000c1b00000, 0x00000000c1c00000, 0x00000000c1c00000|100%| O|  |TAMS 0x00000000c1b00000, 0x00000000c1b00000| Untracked 
|  28|0x00000000c1c00000, 0x00000000c1d00000, 0x00000000c1d00000|100%| O|  |TAMS 0x00000000c1c00000, 0x00000000c1c00000| Untracked 
|  29|0x00000000c1d00000, 0x00000000c1e00000, 0x00000000c1e00000|100%| O|  |TAMS 0x00000000c1d00000, 0x00000000c1d00000| Untracked 
|  30|0x00000000c1e00000, 0x00000000c1f00000, 0x00000000c1f00000|100%| O|  |TAMS 0x00000000c1e00000, 0x00000000c1e00000| Untracked 
|  31|0x00000000c1f00000, 0x00000000c2000000, 0x00000000c2000000|100%| O|  |TAMS 0x00000000c1f00000, 0x00000000c1f00000| Untracked 
|  32|0x00000000c2000000, 0x00000000c2100000, 0x00000000c2100000|100%| O|  |TAMS 0x00000000c2000000, 0x00000000c2000000| Untracked 
|  33|0x00000000c2100000, 0x00000000c2200000, 0x00000000c2200000|100%| O|  |TAMS 0x00000000c2100000, 0x00000000c2100000| Untracked 
|  34|0x00000000c2200000, 0x00000000c2300000, 0x00000000c2300000|100%| O|  |TAMS 0x00000000c2200000, 0x00000000c2200000| Untracked 
|  35|0x00000000c2300000, 0x00000000c2400000, 0x00000000c2400000|100%| O|  |TAMS 0x00000000c2300000, 0x00000000c2300000| Untracked 
|  36|0x00000000c2400000, 0x00000000c2500000, 0x00000000c2500000|100%| O|  |TAMS 0x00000000c2400000, 0x00000000c2400000| Untracked 
|  37|0x00000000c2500000, 0x00000000c2600000, 0x00000000c2600000|100%| O|  |TAMS 0x00000000c2500000, 0x00000000c2500000| Untracked 
|  38|0x00000000c2600000, 0x00000000c2700000, 0x00000000c2700000|100%| O|  |TAMS 0x00000000c2600000, 0x00000000c2600000| Untracked 
|  39|0x00000000c2700000, 0x00000000c2800000, 0x00000000c2800000|100%| O|  |TAMS 0x00000000c2700000, 0x00000000c2700000| Untracked 
|  40|0x00000000c2800000, 0x00000000c2900000, 0x00000000c2900000|100%| O|  |TAMS 0x00000000c2800000, 0x00000000c2800000| Untracked 
|  41|0x00000000c2900000, 0x00000000c2a00000, 0x00000000c2a00000|100%| O|  |TAMS 0x00000000c2900000, 0x00000000c2900000| Untracked 
|  42|0x00000000c2a00000, 0x00000000c2b00000, 0x00000000c2b00000|100%| O|  |TAMS 0x00000000c2a00000, 0x00000000c2a00000| Untracked 
|  43|0x00000000c2b00000, 0x00000000c2c00000, 0x00000000c2c00000|100%| O|  |TAMS 0x00000000c2b00000, 0x00000000c2b00000| Untracked 
|  44|0x00000000c2c00000, 0x00000000c2c0d000, 0x00000000c2d00000|  5%| O|  |TAMS 0x00000000c2c00000, 0x00000000c2c00000| Untracked 
|  45|0x00000000c2d00000, 0x00000000c2d00000, 0x00000000c2e00000|  0%| F|  |TAMS 0x00000000c2d00000, 0x00000000c2d00000| Untracked 
|  46|0x00000000c2e00000, 0x00000000c2e00000, 0x00000000c2f00000|  0%| F|  |TAMS 0x00000000c2e00000, 0x00000000c2e00000| Untracked 
|  47|0x00000000c2f00000, 0x00000000c2f00000, 0x00000000c3000000|  0%| F|  |TAMS 0x00000000c2f00000, 0x00000000c2f00000| Untracked 
|  48|0x00000000c3000000, 0x00000000c3000000, 0x00000000c3100000|  0%| F|  |TAMS 0x00000000c3000000, 0x00000000c3000000| Untracked 
|  49|0x00000000c3100000, 0x00000000c3100000, 0x00000000c3200000|  0%| F|  |TAMS 0x00000000c3100000, 0x00000000c3100000| Untracked 
|  50|0x00000000c3200000, 0x00000000c3200000, 0x00000000c3300000|  0%| F|  |TAMS 0x00000000c3200000, 0x00000000c3200000| Untracked 
|  51|0x00000000c3300000, 0x00000000c3300000, 0x00000000c3400000|  0%| F|  |TAMS 0x00000000c3300000, 0x00000000c3300000| Untracked 
|  52|0x00000000c3400000, 0x00000000c3400000, 0x00000000c3500000|  0%| F|  |TAMS 0x00000000c3400000, 0x00000000c3400000| Untracked 
|  53|0x00000000c3500000, 0x00000000c3500000, 0x00000000c3600000|  0%| F|  |TAMS 0x00000000c3500000, 0x00000000c3500000| Untracked 
|  54|0x00000000c3600000, 0x00000000c3600000, 0x00000000c3700000|  0%| F|  |TAMS 0x00000000c3600000, 0x00000000c3600000| Untracked 
|  55|0x00000000c3700000, 0x00000000c3700000, 0x00000000c3800000|  0%| F|  |TAMS 0x00000000c3700000, 0x00000000c3700000| Untracked 
|  56|0x00000000c3800000, 0x00000000c3800000, 0x00000000c3900000|  0%| F|  |TAMS 0x00000000c3800000, 0x00000000c3800000| Untracked 
|  57|0x00000000c3900000, 0x00000000c3900000, 0x00000000c3a00000|  0%| F|  |TAMS 0x00000000c3900000, 0x00000000c3900000| Untracked 
|  58|0x00000000c3a00000, 0x00000000c3a00000, 0x00000000c3b00000|  0%| F|  |TAMS 0x00000000c3a00000, 0x00000000c3a00000| Untracked 
|  59|0x00000000c3b00000, 0x00000000c3b00000, 0x00000000c3c00000|  0%| F|  |TAMS 0x00000000c3b00000, 0x00000000c3b00000| Untracked 
|  60|0x00000000c3c00000, 0x00000000c3c00000, 0x00000000c3d00000|  0%| F|  |TAMS 0x00000000c3c00000, 0x00000000c3c00000| Untracked 
|  61|0x00000000c3d00000, 0x00000000c3d00000, 0x00000000c3e00000|  0%| F|  |TAMS 0x00000000c3d00000, 0x00000000c3d00000| Untracked 
|  62|0x00000000c3e00000, 0x00000000c3e00000, 0x00000000c3f00000|  0%| F|  |TAMS 0x00000000c3e00000, 0x00000000c3e00000| Untracked 
|  63|0x00000000c3f00000, 0x00000000c3f00000, 0x00000000c4000000|  0%| F|  |TAMS 0x00000000c3f00000, 0x00000000c3f00000| Untracked 
|  64|0x00000000c4000000, 0x00000000c4000000, 0x00000000c4100000|  0%| F|  |TAMS 0x00000000c4000000, 0x00000000c4000000| Untracked 
|  65|0x00000000c4100000, 0x00000000c4100000, 0x00000000c4200000|  0%| F|  |TAMS 0x00000000c4100000, 0x00000000c4100000| Untracked 
|  66|0x00000000c4200000, 0x00000000c4200000, 0x00000000c4300000|  0%| F|  |TAMS 0x00000000c4200000, 0x00000000c4200000| Untracked 
|  67|0x00000000c4300000, 0x00000000c4300000, 0x00000000c4400000|  0%| F|  |TAMS 0x00000000c4300000, 0x00000000c4300000| Untracked 
|  68|0x00000000c4400000, 0x00000000c4400000, 0x00000000c4500000|  0%| F|  |TAMS 0x00000000c4400000, 0x00000000c4400000| Untracked 
|  69|0x00000000c4500000, 0x00000000c4500000, 0x00000000c4600000|  0%| F|  |TAMS 0x00000000c4500000, 0x00000000c4500000| Untracked 
|  70|0x00000000c4600000, 0x00000000c4600000, 0x00000000c4700000|  0%| F|  |TAMS 0x00000000c4600000, 0x00000000c4600000| Untracked 
|  71|0x00000000c4700000, 0x00000000c4700000, 0x00000000c4800000|  0%| F|  |TAMS 0x00000000c4700000, 0x00000000c4700000| Untracked 
|  72|0x00000000c4800000, 0x00000000c4800000, 0x00000000c4900000|  0%| F|  |TAMS 0x00000000c4800000, 0x00000000c4800000| Untracked 
|  73|0x00000000c4900000, 0x00000000c4900000, 0x00000000c4a00000|  0%| F|  |TAMS 0x00000000c4900000, 0x00000000c4900000| Untracked 
|  74|0x00000000c4a00000, 0x00000000c4a00000, 0x00000000c4b00000|  0%| F|  |TAMS 0x00000000c4a00000, 0x00000000c4a00000| Untracked 
|  75|0x00000000c4b00000, 0x00000000c4b00000, 0x00000000c4c00000|  0%| F|  |TAMS 0x00000000c4b00000, 0x00000000c4b00000| Untracked 
|  76|0x00000000c4c00000, 0x00000000c4c00000, 0x00000000c4d00000|  0%| F|  |TAMS 0x00000000c4c00000, 0x00000000c4c00000| Untracked 
|  77|0x00000000c4d00000, 0x00000000c4d00000, 0x00000000c4e00000|  0%| F|  |TAMS 0x00000000c4d00000, 0x00000000c4d00000| Untracked 
|  78|0x00000000c4e00000, 0x00000000c4e00000, 0x00000000c4f00000|  0%| F|  |TAMS 0x00000000c4e00000, 0x00000000c4e00000| Untracked 
|  79|0x00000000c4f00000, 0x00000000c4f00000, 0x00000000c5000000|  0%| F|  |TAMS 0x00000000c4f00000, 0x00000000c4f00000| Untracked 
|  80|0x00000000c5000000, 0x00000000c5000000, 0x00000000c5100000|  0%| F|  |TAMS 0x00000000c5000000, 0x00000000c5000000| Untracked 
|  81|0x00000000c5100000, 0x00000000c5100000, 0x00000000c5200000|  0%| F|  |TAMS 0x00000000c5100000, 0x00000000c5100000| Untracked 
|  82|0x00000000c5200000, 0x00000000c5200000, 0x00000000c5300000|  0%| F|  |TAMS 0x00000000c5200000, 0x00000000c5200000| Untracked 
|  83|0x00000000c5300000, 0x00000000c5300000, 0x00000000c5400000|  0%| F|  |TAMS 0x00000000c5300000, 0x00000000c5300000| Untracked 
|  84|0x00000000c5400000, 0x00000000c5400000, 0x00000000c5500000|  0%| F|  |TAMS 0x00000000c5400000, 0x00000000c5400000| Untracked 
|  85|0x00000000c5500000, 0x00000000c5500000, 0x00000000c5600000|  0%| F|  |TAMS 0x00000000c5500000, 0x00000000c5500000| Untracked 
|  86|0x00000000c5600000, 0x00000000c5600000, 0x00000000c5700000|  0%| F|  |TAMS 0x00000000c5600000, 0x00000000c5600000| Untracked 
|  87|0x00000000c5700000, 0x00000000c5700000, 0x00000000c5800000|  0%| F|  |TAMS 0x00000000c5700000, 0x00000000c5700000| Untracked 
|  88|0x00000000c5800000, 0x00000000c5800000, 0x00000000c5900000|  0%| F|  |TAMS 0x00000000c5800000, 0x00000000c5800000| Untracked 
|  89|0x00000000c5900000, 0x00000000c5900000, 0x00000000c5a00000|  0%| F|  |TAMS 0x00000000c5900000, 0x00000000c5900000| Untracked 
|  90|0x00000000c5a00000, 0x00000000c5a00000, 0x00000000c5b00000|  0%| F|  |TAMS 0x00000000c5a00000, 0x00000000c5a00000| Untracked 
|  91|0x00000000c5b00000, 0x00000000c5b00000, 0x00000000c5c00000|  0%| F|  |TAMS 0x00000000c5b00000, 0x00000000c5b00000| Untracked 
|  92|0x00000000c5c00000, 0x00000000c5c00000, 0x00000000c5d00000|  0%| F|  |TAMS 0x00000000c5c00000, 0x00000000c5c00000| Untracked 
|  93|0x00000000c5d00000, 0x00000000c5d00000, 0x00000000c5e00000|  0%| F|  |TAMS 0x00000000c5d00000, 0x00000000c5d00000| Untracked 
|  94|0x00000000c5e00000, 0x00000000c5e00000, 0x00000000c5f00000|  0%| F|  |TAMS 0x00000000c5e00000, 0x00000000c5e00000| Untracked 
|  95|0x00000000c5f00000, 0x00000000c5f00000, 0x00000000c6000000|  0%| F|  |TAMS 0x00000000c5f00000, 0x00000000c5f00000| Untracked 
|  96|0x00000000c6000000, 0x00000000c6000000, 0x00000000c6100000|  0%| F|  |TAMS 0x00000000c6000000, 0x00000000c6000000| Untracked 
|  97|0x00000000c6100000, 0x00000000c61946a0, 0x00000000c6200000| 57%| S|CS|TAMS 0x00000000c6100000, 0x00000000c6100000| Complete 
|  98|0x00000000c6200000, 0x00000000c6300000, 0x00000000c6300000|100%| S|CS|TAMS 0x00000000c6200000, 0x00000000c6200000| Complete 
|  99|0x00000000c6300000, 0x00000000c6400000, 0x00000000c6400000|100%| S|CS|TAMS 0x00000000c6300000, 0x00000000c6300000| Complete 
| 100|0x00000000c6400000, 0x00000000c6500000, 0x00000000c6500000|100%| S|CS|TAMS 0x00000000c6400000, 0x00000000c6400000| Complete 
| 101|0x00000000c6500000, 0x00000000c6600000, 0x00000000c6600000|100%| S|CS|TAMS 0x00000000c6500000, 0x00000000c6500000| Complete 
| 102|0x00000000c6600000, 0x00000000c6600000, 0x00000000c6700000|  0%| F|  |TAMS 0x00000000c6600000, 0x00000000c6600000| Untracked 
| 103|0x00000000c6700000, 0x00000000c6700000, 0x00000000c6800000|  0%| F|  |TAMS 0x00000000c6700000, 0x00000000c6700000| Untracked 
| 104|0x00000000c6800000, 0x00000000c6800000, 0x00000000c6900000|  0%| F|  |TAMS 0x00000000c6800000, 0x00000000c6800000| Untracked 
| 105|0x00000000c6900000, 0x00000000c6900000, 0x00000000c6a00000|  0%| F|  |TAMS 0x00000000c6900000, 0x00000000c6900000| Untracked 
| 106|0x00000000c6a00000, 0x00000000c6a00000, 0x00000000c6b00000|  0%| F|  |TAMS 0x00000000c6a00000, 0x00000000c6a00000| Untracked 
| 107|0x00000000c6b00000, 0x00000000c6b00000, 0x00000000c6c00000|  0%| F|  |TAMS 0x00000000c6b00000, 0x00000000c6b00000| Untracked 
| 108|0x00000000c6c00000, 0x00000000c6c00000, 0x00000000c6d00000|  0%| F|  |TAMS 0x00000000c6c00000, 0x00000000c6c00000| Untracked 
| 109|0x00000000c6d00000, 0x00000000c6d00000, 0x00000000c6e00000|  0%| F|  |TAMS 0x00000000c6d00000, 0x00000000c6d00000| Untracked 
| 110|0x00000000c6e00000, 0x00000000c6e00000, 0x00000000c6f00000|  0%| F|  |TAMS 0x00000000c6e00000, 0x00000000c6e00000| Untracked 
| 111|0x00000000c6f00000, 0x00000000c6f00000, 0x00000000c7000000|  0%| F|  |TAMS 0x00000000c6f00000, 0x00000000c6f00000| Untracked 
| 112|0x00000000c7000000, 0x00000000c7000000, 0x00000000c7100000|  0%| F|  |TAMS 0x00000000c7000000, 0x00000000c7000000| Untracked 
| 113|0x00000000c7100000, 0x00000000c7100000, 0x00000000c7200000|  0%| F|  |TAMS 0x00000000c7100000, 0x00000000c7100000| Untracked 
| 114|0x00000000c7200000, 0x00000000c7200000, 0x00000000c7300000|  0%| F|  |TAMS 0x00000000c7200000, 0x00000000c7200000| Untracked 
| 115|0x00000000c7300000, 0x00000000c7300000, 0x00000000c7400000|  0%| F|  |TAMS 0x00000000c7300000, 0x00000000c7300000| Untracked 
| 116|0x00000000c7400000, 0x00000000c7400000, 0x00000000c7500000|  0%| F|  |TAMS 0x00000000c7400000, 0x00000000c7400000| Untracked 
| 117|0x00000000c7500000, 0x00000000c7500000, 0x00000000c7600000|  0%| F|  |TAMS 0x00000000c7500000, 0x00000000c7500000| Untracked 
| 118|0x00000000c7600000, 0x00000000c7600000, 0x00000000c7700000|  0%| F|  |TAMS 0x00000000c7600000, 0x00000000c7600000| Untracked 
| 119|0x00000000c7700000, 0x00000000c7700000, 0x00000000c7800000|  0%| F|  |TAMS 0x00000000c7700000, 0x00000000c7700000| Untracked 
| 120|0x00000000c7800000, 0x00000000c7800000, 0x00000000c7900000|  0%| F|  |TAMS 0x00000000c7800000, 0x00000000c7800000| Untracked 
| 121|0x00000000c7900000, 0x00000000c7900000, 0x00000000c7a00000|  0%| F|  |TAMS 0x00000000c7900000, 0x00000000c7900000| Untracked 
| 122|0x00000000c7a00000, 0x00000000c7a00000, 0x00000000c7b00000|  0%| F|  |TAMS 0x00000000c7a00000, 0x00000000c7a00000| Untracked 
| 123|0x00000000c7b00000, 0x00000000c7b00000, 0x00000000c7c00000|  0%| F|  |TAMS 0x00000000c7b00000, 0x00000000c7b00000| Untracked 
| 124|0x00000000c7c00000, 0x00000000c7c00000, 0x00000000c7d00000|  0%| F|  |TAMS 0x00000000c7c00000, 0x00000000c7c00000| Untracked 
| 125|0x00000000c7d00000, 0x00000000c7d00000, 0x00000000c7e00000|  0%| F|  |TAMS 0x00000000c7d00000, 0x00000000c7d00000| Untracked 
| 126|0x00000000c7e00000, 0x00000000c7e00000, 0x00000000c7f00000|  0%| F|  |TAMS 0x00000000c7e00000, 0x00000000c7e00000| Untracked 
| 127|0x00000000c7f00000, 0x00000000c7f00000, 0x00000000c8000000|  0%| F|  |TAMS 0x00000000c7f00000, 0x00000000c7f00000| Untracked 
| 128|0x00000000c8000000, 0x00000000c8000000, 0x00000000c8100000|  0%| F|  |TAMS 0x00000000c8000000, 0x00000000c8000000| Untracked 
| 129|0x00000000c8100000, 0x00000000c8100000, 0x00000000c8200000|  0%| F|  |TAMS 0x00000000c8100000, 0x00000000c8100000| Untracked 
| 130|0x00000000c8200000, 0x00000000c8200000, 0x00000000c8300000|  0%| F|  |TAMS 0x00000000c8200000, 0x00000000c8200000| Untracked 
| 131|0x00000000c8300000, 0x00000000c8300000, 0x00000000c8400000|  0%| F|  |TAMS 0x00000000c8300000, 0x00000000c8300000| Untracked 
| 132|0x00000000c8400000, 0x00000000c8400000, 0x00000000c8500000|  0%| F|  |TAMS 0x00000000c8400000, 0x00000000c8400000| Untracked 
| 133|0x00000000c8500000, 0x00000000c8500000, 0x00000000c8600000|  0%| F|  |TAMS 0x00000000c8500000, 0x00000000c8500000| Untracked 
| 134|0x00000000c8600000, 0x00000000c8600000, 0x00000000c8700000|  0%| F|  |TAMS 0x00000000c8600000, 0x00000000c8600000| Untracked 
| 135|0x00000000c8700000, 0x00000000c8700000, 0x00000000c8800000|  0%| F|  |TAMS 0x00000000c8700000, 0x00000000c8700000| Untracked 
| 136|0x00000000c8800000, 0x00000000c8800000, 0x00000000c8900000|  0%| F|  |TAMS 0x00000000c8800000, 0x00000000c8800000| Untracked 
| 137|0x00000000c8900000, 0x00000000c8900000, 0x00000000c8a00000|  0%| F|  |TAMS 0x00000000c8900000, 0x00000000c8900000| Untracked 
| 138|0x00000000c8a00000, 0x00000000c8a00000, 0x00000000c8b00000|  0%| F|  |TAMS 0x00000000c8a00000, 0x00000000c8a00000| Untracked 
| 139|0x00000000c8b00000, 0x00000000c8b00000, 0x00000000c8c00000|  0%| F|  |TAMS 0x00000000c8b00000, 0x00000000c8b00000| Untracked 
| 140|0x00000000c8c00000, 0x00000000c8c00000, 0x00000000c8d00000|  0%| F|  |TAMS 0x00000000c8c00000, 0x00000000c8c00000| Untracked 
| 141|0x00000000c8d00000, 0x00000000c8d00000, 0x00000000c8e00000|  0%| F|  |TAMS 0x00000000c8d00000, 0x00000000c8d00000| Untracked 
| 142|0x00000000c8e00000, 0x00000000c8e00000, 0x00000000c8f00000|  0%| F|  |TAMS 0x00000000c8e00000, 0x00000000c8e00000| Untracked 
| 143|0x00000000c8f00000, 0x00000000c8f00000, 0x00000000c9000000|  0%| F|  |TAMS 0x00000000c8f00000, 0x00000000c8f00000| Untracked 
| 144|0x00000000c9000000, 0x00000000c9000000, 0x00000000c9100000|  0%| F|  |TAMS 0x00000000c9000000, 0x00000000c9000000| Untracked 
| 145|0x00000000c9100000, 0x00000000c9100000, 0x00000000c9200000|  0%| F|  |TAMS 0x00000000c9100000, 0x00000000c9100000| Untracked 
| 146|0x00000000c9200000, 0x00000000c9200000, 0x00000000c9300000|  0%| F|  |TAMS 0x00000000c9200000, 0x00000000c9200000| Untracked 
| 147|0x00000000c9300000, 0x00000000c9300000, 0x00000000c9400000|  0%| F|  |TAMS 0x00000000c9300000, 0x00000000c9300000| Untracked 
| 148|0x00000000c9400000, 0x00000000c9400000, 0x00000000c9500000|  0%| F|  |TAMS 0x00000000c9400000, 0x00000000c9400000| Untracked 
| 149|0x00000000c9500000, 0x00000000c9500000, 0x00000000c9600000|  0%| F|  |TAMS 0x00000000c9500000, 0x00000000c9500000| Untracked 
| 150|0x00000000c9600000, 0x00000000c9600000, 0x00000000c9700000|  0%| F|  |TAMS 0x00000000c9600000, 0x00000000c9600000| Untracked 
| 151|0x00000000c9700000, 0x00000000c9700000, 0x00000000c9800000|  0%| F|  |TAMS 0x00000000c9700000, 0x00000000c9700000| Untracked 
| 152|0x00000000c9800000, 0x00000000c9800000, 0x00000000c9900000|  0%| F|  |TAMS 0x00000000c9800000, 0x00000000c9800000| Untracked 
| 153|0x00000000c9900000, 0x00000000c9900000, 0x00000000c9a00000|  0%| F|  |TAMS 0x00000000c9900000, 0x00000000c9900000| Untracked 
| 154|0x00000000c9a00000, 0x00000000c9a00000, 0x00000000c9b00000|  0%| F|  |TAMS 0x00000000c9a00000, 0x00000000c9a00000| Untracked 
| 155|0x00000000c9b00000, 0x00000000c9b00000, 0x00000000c9c00000|  0%| F|  |TAMS 0x00000000c9b00000, 0x00000000c9b00000| Untracked 
| 156|0x00000000c9c00000, 0x00000000c9c00000, 0x00000000c9d00000|  0%| F|  |TAMS 0x00000000c9c00000, 0x00000000c9c00000| Untracked 
| 157|0x00000000c9d00000, 0x00000000c9d00000, 0x00000000c9e00000|  0%| F|  |TAMS 0x00000000c9d00000, 0x00000000c9d00000| Untracked 
| 158|0x00000000c9e00000, 0x00000000c9e00000, 0x00000000c9f00000|  0%| F|  |TAMS 0x00000000c9e00000, 0x00000000c9e00000| Untracked 
| 159|0x00000000c9f00000, 0x00000000c9f00000, 0x00000000ca000000|  0%| F|  |TAMS 0x00000000c9f00000, 0x00000000c9f00000| Untracked 
| 160|0x00000000ca000000, 0x00000000ca000000, 0x00000000ca100000|  0%| F|  |TAMS 0x00000000ca000000, 0x00000000ca000000| Untracked 
| 161|0x00000000ca100000, 0x00000000ca100000, 0x00000000ca200000|  0%| F|  |TAMS 0x00000000ca100000, 0x00000000ca100000| Untracked 
| 162|0x00000000ca200000, 0x00000000ca200000, 0x00000000ca300000|  0%| F|  |TAMS 0x00000000ca200000, 0x00000000ca200000| Untracked 
| 163|0x00000000ca300000, 0x00000000ca300000, 0x00000000ca400000|  0%| F|  |TAMS 0x00000000ca300000, 0x00000000ca300000| Untracked 
| 164|0x00000000ca400000, 0x00000000ca400000, 0x00000000ca500000|  0%| F|  |TAMS 0x00000000ca400000, 0x00000000ca400000| Untracked 
| 165|0x00000000ca500000, 0x00000000ca500000, 0x00000000ca600000|  0%| F|  |TAMS 0x00000000ca500000, 0x00000000ca500000| Untracked 
| 166|0x00000000ca600000, 0x00000000ca600000, 0x00000000ca700000|  0%| F|  |TAMS 0x00000000ca600000, 0x00000000ca600000| Untracked 
| 167|0x00000000ca700000, 0x00000000ca700000, 0x00000000ca800000|  0%| F|  |TAMS 0x00000000ca700000, 0x00000000ca700000| Untracked 
| 168|0x00000000ca800000, 0x00000000ca800000, 0x00000000ca900000|  0%| F|  |TAMS 0x00000000ca800000, 0x00000000ca800000| Untracked 
| 169|0x00000000ca900000, 0x00000000ca900000, 0x00000000caa00000|  0%| F|  |TAMS 0x00000000ca900000, 0x00000000ca900000| Untracked 
| 170|0x00000000caa00000, 0x00000000caa00000, 0x00000000cab00000|  0%| F|  |TAMS 0x00000000caa00000, 0x00000000caa00000| Untracked 
| 171|0x00000000cab00000, 0x00000000cab00000, 0x00000000cac00000|  0%| F|  |TAMS 0x00000000cab00000, 0x00000000cab00000| Untracked 
| 172|0x00000000cac00000, 0x00000000cac00000, 0x00000000cad00000|  0%| F|  |TAMS 0x00000000cac00000, 0x00000000cac00000| Untracked 
| 173|0x00000000cad00000, 0x00000000cad00000, 0x00000000cae00000|  0%| F|  |TAMS 0x00000000cad00000, 0x00000000cad00000| Untracked 
| 174|0x00000000cae00000, 0x00000000caeb4cd8, 0x00000000caf00000| 70%| E|  |TAMS 0x00000000cae00000, 0x00000000cae00000| Complete 
| 175|0x00000000caf00000, 0x00000000cb000000, 0x00000000cb000000|100%| E|CS|TAMS 0x00000000caf00000, 0x00000000caf00000| Complete 
| 176|0x00000000cb000000, 0x00000000cb100000, 0x00000000cb100000|100%| E|CS|TAMS 0x00000000cb000000, 0x00000000cb000000| Complete 
| 177|0x00000000cb100000, 0x00000000cb200000, 0x00000000cb200000|100%| E|CS|TAMS 0x00000000cb100000, 0x00000000cb100000| Complete 
| 178|0x00000000cb200000, 0x00000000cb300000, 0x00000000cb300000|100%| E|CS|TAMS 0x00000000cb200000, 0x00000000cb200000| Complete 
| 179|0x00000000cb300000, 0x00000000cb400000, 0x00000000cb400000|100%| E|CS|TAMS 0x00000000cb300000, 0x00000000cb300000| Complete 
| 180|0x00000000cb400000, 0x00000000cb500000, 0x00000000cb500000|100%| E|CS|TAMS 0x00000000cb400000, 0x00000000cb400000| Complete 
| 181|0x00000000cb500000, 0x00000000cb600000, 0x00000000cb600000|100%| E|CS|TAMS 0x00000000cb500000, 0x00000000cb500000| Complete 
| 182|0x00000000cb600000, 0x00000000cb700000, 0x00000000cb700000|100%| E|CS|TAMS 0x00000000cb600000, 0x00000000cb600000| Complete 
| 183|0x00000000cb700000, 0x00000000cb800000, 0x00000000cb800000|100%| E|CS|TAMS 0x00000000cb700000, 0x00000000cb700000| Complete 
| 184|0x00000000cb800000, 0x00000000cb900000, 0x00000000cb900000|100%| E|CS|TAMS 0x00000000cb800000, 0x00000000cb800000| Complete 
| 185|0x00000000cb900000, 0x00000000cba00000, 0x00000000cba00000|100%| E|CS|TAMS 0x00000000cb900000, 0x00000000cb900000| Complete 
| 186|0x00000000cba00000, 0x00000000cbb00000, 0x00000000cbb00000|100%| E|CS|TAMS 0x00000000cba00000, 0x00000000cba00000| Complete 
| 187|0x00000000cbb00000, 0x00000000cbc00000, 0x00000000cbc00000|100%| E|CS|TAMS 0x00000000cbb00000, 0x00000000cbb00000| Complete 
| 188|0x00000000cbc00000, 0x00000000cbd00000, 0x00000000cbd00000|100%| E|CS|TAMS 0x00000000cbc00000, 0x00000000cbc00000| Complete 
| 189|0x00000000cbd00000, 0x00000000cbe00000, 0x00000000cbe00000|100%| E|CS|TAMS 0x00000000cbd00000, 0x00000000cbd00000| Complete 
| 190|0x00000000cbe00000, 0x00000000cbf00000, 0x00000000cbf00000|100%| E|CS|TAMS 0x00000000cbe00000, 0x00000000cbe00000| Complete 
| 191|0x00000000cbf00000, 0x00000000cc000000, 0x00000000cc000000|100%| E|CS|TAMS 0x00000000cbf00000, 0x00000000cbf00000| Complete 
| 192|0x00000000cc000000, 0x00000000cc100000, 0x00000000cc100000|100%| E|CS|TAMS 0x00000000cc000000, 0x00000000cc000000| Complete 
| 193|0x00000000cc100000, 0x00000000cc200000, 0x00000000cc200000|100%| E|CS|TAMS 0x00000000cc100000, 0x00000000cc100000| Complete 
| 194|0x00000000cc200000, 0x00000000cc300000, 0x00000000cc300000|100%| E|CS|TAMS 0x00000000cc200000, 0x00000000cc200000| Complete 
| 195|0x00000000cc300000, 0x00000000cc400000, 0x00000000cc400000|100%| E|CS|TAMS 0x00000000cc300000, 0x00000000cc300000| Complete 
| 196|0x00000000cc400000, 0x00000000cc500000, 0x00000000cc500000|100%| E|CS|TAMS 0x00000000cc400000, 0x00000000cc400000| Complete 
| 197|0x00000000cc500000, 0x00000000cc600000, 0x00000000cc600000|100%| E|CS|TAMS 0x00000000cc500000, 0x00000000cc500000| Complete 
| 198|0x00000000cc600000, 0x00000000cc700000, 0x00000000cc700000|100%| E|CS|TAMS 0x00000000cc600000, 0x00000000cc600000| Complete 
| 199|0x00000000cc700000, 0x00000000cc800000, 0x00000000cc800000|100%| E|CS|TAMS 0x00000000cc700000, 0x00000000cc700000| Complete 
| 200|0x00000000cc800000, 0x00000000cc900000, 0x00000000cc900000|100%| E|CS|TAMS 0x00000000cc800000, 0x00000000cc800000| Complete 
| 201|0x00000000cc900000, 0x00000000cca00000, 0x00000000cca00000|100%| E|CS|TAMS 0x00000000cc900000, 0x00000000cc900000| Complete 
| 202|0x00000000cca00000, 0x00000000ccb00000, 0x00000000ccb00000|100%| E|CS|TAMS 0x00000000cca00000, 0x00000000cca00000| Complete 
| 203|0x00000000ccb00000, 0x00000000ccc00000, 0x00000000ccc00000|100%| E|CS|TAMS 0x00000000ccb00000, 0x00000000ccb00000| Complete 
| 204|0x00000000ccc00000, 0x00000000ccd00000, 0x00000000ccd00000|100%| E|CS|TAMS 0x00000000ccc00000, 0x00000000ccc00000| Complete 
| 205|0x00000000ccd00000, 0x00000000cce00000, 0x00000000cce00000|100%| E|CS|TAMS 0x00000000ccd00000, 0x00000000ccd00000| Complete 
| 206|0x00000000cce00000, 0x00000000ccf00000, 0x00000000ccf00000|100%| E|CS|TAMS 0x00000000cce00000, 0x00000000cce00000| Complete 
| 207|0x00000000ccf00000, 0x00000000cd000000, 0x00000000cd000000|100%| E|CS|TAMS 0x00000000ccf00000, 0x00000000ccf00000| Complete 
| 208|0x00000000cd000000, 0x00000000cd100000, 0x00000000cd100000|100%| E|CS|TAMS 0x00000000cd000000, 0x00000000cd000000| Complete 
| 209|0x00000000cd100000, 0x00000000cd200000, 0x00000000cd200000|100%| E|CS|TAMS 0x00000000cd100000, 0x00000000cd100000| Complete 
| 210|0x00000000cd200000, 0x00000000cd300000, 0x00000000cd300000|100%| E|CS|TAMS 0x00000000cd200000, 0x00000000cd200000| Complete 
| 211|0x00000000cd300000, 0x00000000cd400000, 0x00000000cd400000|100%| E|CS|TAMS 0x00000000cd300000, 0x00000000cd300000| Complete 
| 212|0x00000000cd400000, 0x00000000cd500000, 0x00000000cd500000|100%| E|CS|TAMS 0x00000000cd400000, 0x00000000cd400000| Complete 
| 213|0x00000000cd500000, 0x00000000cd600000, 0x00000000cd600000|100%| E|CS|TAMS 0x00000000cd500000, 0x00000000cd500000| Complete 
| 214|0x00000000cd600000, 0x00000000cd700000, 0x00000000cd700000|100%| E|CS|TAMS 0x00000000cd600000, 0x00000000cd600000| Complete 
| 215|0x00000000cd700000, 0x00000000cd800000, 0x00000000cd800000|100%| E|CS|TAMS 0x00000000cd700000, 0x00000000cd700000| Complete 
| 216|0x00000000cd800000, 0x00000000cd900000, 0x00000000cd900000|100%| E|CS|TAMS 0x00000000cd800000, 0x00000000cd800000| Complete 
| 217|0x00000000cd900000, 0x00000000cda00000, 0x00000000cda00000|100%| E|CS|TAMS 0x00000000cd900000, 0x00000000cd900000| Complete 
| 218|0x00000000cda00000, 0x00000000cdb00000, 0x00000000cdb00000|100%| E|CS|TAMS 0x00000000cda00000, 0x00000000cda00000| Complete 
| 219|0x00000000cdb00000, 0x00000000cdc00000, 0x00000000cdc00000|100%| E|CS|TAMS 0x00000000cdb00000, 0x00000000cdb00000| Complete 
| 220|0x00000000cdc00000, 0x00000000cdd00000, 0x00000000cdd00000|100%| E|CS|TAMS 0x00000000cdc00000, 0x00000000cdc00000| Complete 
| 221|0x00000000cdd00000, 0x00000000cde00000, 0x00000000cde00000|100%| E|CS|TAMS 0x00000000cdd00000, 0x00000000cdd00000| Complete 
| 222|0x00000000cde00000, 0x00000000cdf00000, 0x00000000cdf00000|100%| E|CS|TAMS 0x00000000cde00000, 0x00000000cde00000| Complete 
| 223|0x00000000cdf00000, 0x00000000ce000000, 0x00000000ce000000|100%| E|CS|TAMS 0x00000000cdf00000, 0x00000000cdf00000| Complete 
| 224|0x00000000ce000000, 0x00000000ce100000, 0x00000000ce100000|100%| E|CS|TAMS 0x00000000ce000000, 0x00000000ce000000| Complete 
| 225|0x00000000ce100000, 0x00000000ce200000, 0x00000000ce200000|100%| E|CS|TAMS 0x00000000ce100000, 0x00000000ce100000| Complete 
| 226|0x00000000ce200000, 0x00000000ce300000, 0x00000000ce300000|100%| E|CS|TAMS 0x00000000ce200000, 0x00000000ce200000| Complete 
| 227|0x00000000ce300000, 0x00000000ce400000, 0x00000000ce400000|100%| E|CS|TAMS 0x00000000ce300000, 0x00000000ce300000| Complete 
| 228|0x00000000ce400000, 0x00000000ce500000, 0x00000000ce500000|100%| E|CS|TAMS 0x00000000ce400000, 0x00000000ce400000| Complete 
| 229|0x00000000ce500000, 0x00000000ce600000, 0x00000000ce600000|100%| E|CS|TAMS 0x00000000ce500000, 0x00000000ce500000| Complete 
| 230|0x00000000ce600000, 0x00000000ce700000, 0x00000000ce700000|100%| E|CS|TAMS 0x00000000ce600000, 0x00000000ce600000| Complete 
| 231|0x00000000ce700000, 0x00000000ce800000, 0x00000000ce800000|100%| E|CS|TAMS 0x00000000ce700000, 0x00000000ce700000| Complete 
| 232|0x00000000ce800000, 0x00000000ce900000, 0x00000000ce900000|100%| E|CS|TAMS 0x00000000ce800000, 0x00000000ce800000| Complete 
| 233|0x00000000ce900000, 0x00000000cea00000, 0x00000000cea00000|100%| E|CS|TAMS 0x00000000ce900000, 0x00000000ce900000| Complete 
| 234|0x00000000cea00000, 0x00000000ceb00000, 0x00000000ceb00000|100%| E|CS|TAMS 0x00000000cea00000, 0x00000000cea00000| Complete 
| 235|0x00000000ceb00000, 0x00000000cec00000, 0x00000000cec00000|100%| E|CS|TAMS 0x00000000ceb00000, 0x00000000ceb00000| Complete 
| 236|0x00000000cec00000, 0x00000000ced00000, 0x00000000ced00000|100%| E|CS|TAMS 0x00000000cec00000, 0x00000000cec00000| Complete 
| 237|0x00000000ced00000, 0x00000000cee00000, 0x00000000cee00000|100%| E|CS|TAMS 0x00000000ced00000, 0x00000000ced00000| Complete 
| 238|0x00000000cee00000, 0x00000000cef00000, 0x00000000cef00000|100%| E|CS|TAMS 0x00000000cee00000, 0x00000000cee00000| Complete 
| 239|0x00000000cef00000, 0x00000000cf000000, 0x00000000cf000000|100%| E|CS|TAMS 0x00000000cef00000, 0x00000000cef00000| Complete 
| 240|0x00000000cf000000, 0x00000000cf100000, 0x00000000cf100000|100%| E|CS|TAMS 0x00000000cf000000, 0x00000000cf000000| Complete 
| 241|0x00000000cf100000, 0x00000000cf200000, 0x00000000cf200000|100%| E|CS|TAMS 0x00000000cf100000, 0x00000000cf100000| Complete 
| 242|0x00000000cf200000, 0x00000000cf300000, 0x00000000cf300000|100%| E|CS|TAMS 0x00000000cf200000, 0x00000000cf200000| Complete 
| 243|0x00000000cf300000, 0x00000000cf400000, 0x00000000cf400000|100%| E|CS|TAMS 0x00000000cf300000, 0x00000000cf300000| Complete 
| 244|0x00000000cf400000, 0x00000000cf500000, 0x00000000cf500000|100%| E|CS|TAMS 0x00000000cf400000, 0x00000000cf400000| Complete 
| 245|0x00000000cf500000, 0x00000000cf600000, 0x00000000cf600000|100%| E|CS|TAMS 0x00000000cf500000, 0x00000000cf500000| Complete 
| 246|0x00000000cf600000, 0x00000000cf700000, 0x00000000cf700000|100%| E|CS|TAMS 0x00000000cf600000, 0x00000000cf600000| Complete 
| 247|0x00000000cf700000, 0x00000000cf800000, 0x00000000cf800000|100%| E|CS|TAMS 0x00000000cf700000, 0x00000000cf700000| Complete 
| 248|0x00000000cf800000, 0x00000000cf900000, 0x00000000cf900000|100%| E|CS|TAMS 0x00000000cf800000, 0x00000000cf800000| Complete 
| 249|0x00000000cf900000, 0x00000000cfa00000, 0x00000000cfa00000|100%| E|CS|TAMS 0x00000000cf900000, 0x00000000cf900000| Complete 
| 250|0x00000000cfa00000, 0x00000000cfb00000, 0x00000000cfb00000|100%| E|CS|TAMS 0x00000000cfa00000, 0x00000000cfa00000| Complete 
| 251|0x00000000cfb00000, 0x00000000cfc00000, 0x00000000cfc00000|100%| E|CS|TAMS 0x00000000cfb00000, 0x00000000cfb00000| Complete 
| 252|0x00000000cfc00000, 0x00000000cfd00000, 0x00000000cfd00000|100%| E|CS|TAMS 0x00000000cfc00000, 0x00000000cfc00000| Complete 
| 253|0x00000000cfd00000, 0x00000000cfe00000, 0x00000000cfe00000|100%| E|CS|TAMS 0x00000000cfd00000, 0x00000000cfd00000| Complete 

Card table byte_map: [0x0000018a39b10000,0x0000018a39d10000] _byte_map_base: 0x0000018a39510000

Marking Bits (Prev, Next): (CMBitMap*) 0x0000018a22304238, (CMBitMap*) 0x0000018a22304270
 Prev Bits: [0x0000018a39f10000, 0x0000018a3af10000)
 Next Bits: [0x0000018a3af10000, 0x0000018a3bf10000)

Polling page: 0x0000018a200f0000

Metaspace:

Usage:
  Non-class:     63.30 MB capacity,    61.38 MB ( 97%) used,     1.79 MB (  3%) free+waste,   127.00 KB ( <1%) overhead. 
      Class:      7.31 MB capacity,     6.26 MB ( 86%) used,  1022.23 KB ( 14%) free+waste,    54.38 KB ( <1%) overhead. 
       Both:     70.61 MB capacity,    67.64 MB ( 96%) used,     2.79 MB (  4%) free+waste,   181.38 KB ( <1%) overhead. 

Virtual space:
  Non-class space:       64.00 MB reserved,      63.42 MB (>99%) committed 
      Class space:        1.00 GB reserved,       7.32 MB ( <1%) committed 
             Both:        1.06 GB reserved,      70.75 MB (  7%) committed 

Chunk freelists:
   Non-Class:  7.63 KB
       Class:  0 bytes
        Both:  7.63 KB

CodeHeap 'non-profiled nmethods': size=120000Kb used=11441Kb max_used=11595Kb free=108558Kb
 bounds [0x0000018a320b0000, 0x0000018a32c10000, 0x0000018a395e0000]
CodeHeap 'profiled nmethods': size=120000Kb used=30258Kb max_used=32827Kb free=89741Kb
 bounds [0x0000018a2ab80000, 0x0000018a2cbd0000, 0x0000018a320b0000]
CodeHeap 'non-nmethods': size=5760Kb used=1281Kb max_used=1362Kb free=4478Kb
 bounds [0x0000018a2a5e0000, 0x0000018a2a850000, 0x0000018a2ab80000]
 total_blobs=20502 nmethods=11769 adapters=577
 compilation: enabled
              stopped_count=0, restarted_count=0
 full_count=0

Compilation events (10 events):
Event: 28349.527 Thread 0x0000018a3f217800 15614       3       java.util.Collections::synchronizedSet (10 bytes)
Event: 28349.528 Thread 0x0000018a3f217800 nmethod 15614 0x0000018a2cb03710 code [0x0000018a2cb03920, 0x0000018a2cb04060]
Event: 28349.528 Thread 0x0000018a3f217800 15617       3       com.sun.org.apache.xml.internal.serializer.WriterToUTF8Buffered::write (296 bytes)
Event: 28349.529 Thread 0x0000018a3f217800 nmethod 15617 0x0000018a2cb02b90 code [0x0000018a2cb02da0, 0x0000018a2cb03410]
Event: 28349.529 Thread 0x0000018a3f217800 15615       3       java.util.concurrent.ConcurrentHashMap$BaseIterator::<init> (21 bytes)
Event: 28349.529 Thread 0x0000018a3f217800 nmethod 15615 0x0000018a2c773290 code [0x0000018a2c773460, 0x0000018a2c7736a0]
Event: 28349.529 Thread 0x0000018a3f217800 15616       3       java.util.concurrent.ConcurrentHashMap$Traverser::<init> (36 bytes)
Event: 28349.529 Thread 0x0000018a3f217800 nmethod 15616 0x0000018a2c86fd90 code [0x0000018a2c86ff40, 0x0000018a2c870198]
Event: 28349.529 Thread 0x0000018a3f217800 15613       3       com.sun.org.apache.xerces.internal.dom.NodeImpl::isIdAttribute (17 bytes)
Event: 28349.530 Thread 0x0000018a3f217800 nmethod 15613 0x0000018a2c419310 code [0x0000018a2c4194c0, 0x0000018a2c419678]

GC Heap History (10 events):
Event: 396.934 GC heap before
{Heap before GC invocations=31 (full 0):
 garbage-first heap   total 260096K, used 198654K [0x00000000c0000000, 0x0000000100000000)
  region size 1024K, 152 young (155648K), 8 survivors (8192K)
 Metaspace       used 68271K, capacity 71118K, committed 71420K, reserved 1114112K
  class space    used 6338K, capacity 7372K, committed 7500K, reserved 1048576K
}
Event: 396.948 GC heap after
{Heap after GC invocations=32 (full 0):
 garbage-first heap   total 260096K, used 51105K [0x00000000c0000000, 0x0000000100000000)
  region size 1024K, 7 young (7168K), 7 survivors (7168K)
 Metaspace       used 68271K, capacity 71118K, committed 71420K, reserved 1114112K
  class space    used 6338K, capacity 7372K, committed 7500K, reserved 1048576K
}
Event: 453.319 GC heap before
{Heap before GC invocations=32 (full 0):
 garbage-first heap   total 260096K, used 199585K [0x00000000c0000000, 0x0000000100000000)
  region size 1024K, 152 young (155648K), 7 survivors (7168K)
 Metaspace       used 68367K, capacity 71253K, committed 71420K, reserved 1114112K
  class space    used 6339K, capacity 7373K, committed 7500K, reserved 1048576K
}
Event: 453.323 GC heap after
{Heap after GC invocations=33 (full 0):
 garbage-first heap   total 260096K, used 50331K [0x00000000c0000000, 0x0000000100000000)
  region size 1024K, 6 young (6144K), 6 survivors (6144K)
 Metaspace       used 68367K, capacity 71253K, committed 71420K, reserved 1114112K
  class space    used 6339K, capacity 7373K, committed 7500K, reserved 1048576K
}
Event: 519.149 GC heap before
{Heap before GC invocations=33 (full 0):
 garbage-first heap   total 260096K, used 198811K [0x00000000c0000000, 0x0000000100000000)
  region size 1024K, 152 young (155648K), 6 survivors (6144K)
 Metaspace       used 68474K, capacity 71445K, committed 71676K, reserved 1114112K
  class space    used 6339K, capacity 7373K, committed 7500K, reserved 1048576K
}
Event: 519.153 GC heap after
{Heap after GC invocations=34 (full 0):
 garbage-first heap   total 260096K, used 52816K [0x00000000c0000000, 0x0000000100000000)
  region size 1024K, 8 young (8192K), 8 survivors (8192K)
 Metaspace       used 68474K, capacity 71445K, committed 71676K, reserved 1114112K
  class space    used 6339K, capacity 7373K, committed 7500K, reserved 1048576K
}
Event: 654.647 GC heap before
{Heap before GC invocations=34 (full 0):
 garbage-first heap   total 260096K, used 199248K [0x00000000c0000000, 0x0000000100000000)
  region size 1024K, 152 young (155648K), 8 survivors (8192K)
 Metaspace       used 68649K, capacity 71578K, committed 71932K, reserved 1114112K
  class space    used 6339K, capacity 7373K, committed 7500K, reserved 1048576K
}
Event: 654.653 GC heap after
{Heap after GC invocations=35 (full 0):
 garbage-first heap   total 260096K, used 51863K [0x00000000c0000000, 0x0000000100000000)
  region size 1024K, 7 young (7168K), 7 survivors (7168K)
 Metaspace       used 68649K, capacity 71578K, committed 71932K, reserved 1114112K
  class space    used 6339K, capacity 7373K, committed 7500K, reserved 1048576K
}
Event: 8843.839 GC heap before
{Heap before GC invocations=35 (full 0):
 garbage-first heap   total 260096K, used 199319K [0x00000000c0000000, 0x0000000100000000)
  region size 1024K, 152 young (155648K), 7 survivors (7168K)
 Metaspace       used 68799K, capacity 71715K, committed 71932K, reserved 1114112K
  class space    used 6341K, capacity 7374K, committed 7500K, reserved 1048576K
}
Event: 8843.888 GC heap after
{Heap after GC invocations=36 (full 0):
 garbage-first heap   total 260096K, used 49797K [0x00000000c0000000, 0x0000000100000000)
  region size 1024K, 5 young (5120K), 5 survivors (5120K)
 Metaspace       used 68799K, capacity 71715K, committed 71932K, reserved 1114112K
  class space    used 6341K, capacity 7374K, committed 7500K, reserved 1048576K
}

Deoptimization events (10 events):
Event: 655.626 Thread 0x0000018a4e269000 Uncommon trap: reason=unstable_if action=reinterpret pc=0x0000018a32bc4f60 method=org.eclipse.jdt.internal.compiler.codegen.BranchLabel.place()V @ 225 c2
Event: 28344.329 Thread 0x0000018a3f9a8800 Uncommon trap: reason=unloaded action=reinterpret pc=0x0000018a32bdf0f4 method=java.lang.ProcessBuilder.start([Ljava/lang/ProcessBuilder$Redirect;)Ljava/lang/Process; @ 169 c2
Event: 28344.329 Thread 0x0000018a3f9a8800 Uncommon trap: reason=unloaded action=reinterpret pc=0x0000018a32bf7828 method=org.eclipse.jdt.ls.core.internal.ParentProcessWatcher.parentProcessStillRunning()Z @ 122 c2
Event: 28349.329 Thread 0x0000018a4e264800 Uncommon trap: reason=class_check action=maybe_recompile pc=0x0000018a32b64a74 method=org.eclipse.jdt.internal.compiler.util.SimpleSet.includes(Ljava/lang/Object;)Z @ 7 c2
Event: 28349.329 Thread 0x0000018a4e264800 Uncommon trap: reason=class_check action=maybe_recompile pc=0x0000018a32b64a74 method=org.eclipse.jdt.internal.compiler.util.SimpleSet.includes(Ljava/lang/Object;)Z @ 7 c2
Event: 28349.329 Thread 0x0000018a4e264800 Uncommon trap: reason=class_check action=maybe_recompile pc=0x0000018a32b64a74 method=org.eclipse.jdt.internal.compiler.util.SimpleSet.includes(Ljava/lang/Object;)Z @ 7 c2
Event: 28349.329 Thread 0x0000018a4e264800 Uncommon trap: reason=class_check action=maybe_recompile pc=0x0000018a32b64a74 method=org.eclipse.jdt.internal.compiler.util.SimpleSet.includes(Ljava/lang/Object;)Z @ 7 c2
Event: 28349.453 Thread 0x0000018a4e264000 Uncommon trap: reason=class_check action=maybe_recompile pc=0x0000018a327a623c method=java.io.Writer.write(Ljava/lang/String;)V @ 7 c2
Event: 28349.469 Thread 0x0000018a4e264000 Uncommon trap: reason=unstable_if action=reinterpret pc=0x0000018a32859084 method=java.util.regex.Pattern.sequence(Ljava/util/regex/Pattern$Node;)Ljava/util/regex/Pattern$Node; @ 234 c2
Event: 28349.470 Thread 0x0000018a4e264000 Uncommon trap: reason=unstable_if action=reinterpret pc=0x0000018a327f5a10 method=java.util.regex.Pattern.range(Ljava/util/regex/Pattern$BitClass;)Ljava/util/regex/Pattern$CharPredicate; @ 134 c2

Classes redefined (0 events):
No events

Internal exceptions (10 events):
Event: 237.346 Thread 0x0000018a3f9a4800 Exception <a 'java/lang/ArrayIndexOutOfBoundsException'{0x00000000c70b3bf8}> (0x00000000c70b3bf8) thrown at [t:/workspace/open/src/hotspot/share/runtime/sharedRuntime.cpp, line 584]
Event: 237.346 Thread 0x0000018a3f9a4800 Exception <a 'java/lang/ArrayIndexOutOfBoundsException'{0x00000000c70b59f8}> (0x00000000c70b59f8) thrown at [t:/workspace/open/src/hotspot/share/runtime/sharedRuntime.cpp, line 584]
Event: 237.346 Thread 0x0000018a3f9a4800 Exception <a 'java/lang/ArrayIndexOutOfBoundsException'{0x00000000c70b5d18}> (0x00000000c70b5d18) thrown at [t:/workspace/open/src/hotspot/share/runtime/sharedRuntime.cpp, line 584]
Event: 260.002 Thread 0x0000018a40e9c800 Implicit null exception at 0x0000018a3294ab0b to 0x0000018a3294db0e
Event: 299.984 Thread 0x0000018a4cb81000 Implicit null exception at 0x0000018a327ee7dd to 0x0000018a327eeb3a
Event: 451.547 Thread 0x0000018a3f9a6000 Implicit null exception at 0x0000018a322e2bfc to 0x0000018a322e3406
Event: 28344.328 Thread 0x0000018a3f9a8800 Exception <a 'java/io/IOException'{0x00000000cb2df5c8}: CreateProcess error=1455, The paging file is too small for this operation to complete> (0x00000000cb2df5c8) thrown at [t:/workspace/open/src/hotspot/share/prims/jni.cpp, line 636]
Event: 28349.369 Thread 0x0000018a4e264800 Exception <a 'java/lang/NoSuchMethodError'{0x00000000cb009e18}: java.lang.invoke.DirectMethodHandle$Holder.invokeSpecial(Ljava/lang/Object;Ljava/lang/Object;Ljava/lang/Object;Ljava/lang/Object;Ljava/lang/Object;Ljava/lang/Object;Ljava/lang/Object;Ljava/la
Event: 28349.370 Thread 0x0000018a4e264800 Exception <a 'java/lang/NoSuchMethodError'{0x00000000cb00e278}: java.lang.invoke.Invokers$Holder.linkToTargetMethod(Ljava/lang/Object;Ljava/lang/Object;Ljava/lang/Object;Ljava/lang/Object;Ljava/lang/Object;Ljava/lang/Object;Ljava/lang/Object;Ljava/lang/Ob
Event: 28349.538 Thread 0x0000018a4e264000 Exception <a 'java/io/FileNotFoundException'{0x00000000cae39ae8}> (0x00000000cae39ae8) thrown at [t:/workspace/open/src/hotspot/share/prims/jni.cpp, line 615]

Events (10 events):
Event: 28349.642 Thread 0x0000018a3f21d000 flushing nmethod 0x0000018a2bfdbc10
Event: 28349.642 Thread 0x0000018a3f21d000 flushing nmethod 0x0000018a2bfe0690
Event: 28349.642 Thread 0x0000018a3f21d000 flushing nmethod 0x0000018a2bfe1490
Event: 28349.642 Thread 0x0000018a3f21d000 flushing nmethod 0x0000018a2bfe4090
Event: 28349.642 Thread 0x0000018a3f21d000 flushing nmethod 0x0000018a2bfe7110
Event: 28349.642 Thread 0x0000018a3f21d000 flushing nmethod 0x0000018a2bfe7510
Event: 28349.643 Thread 0x0000018a3f21d000 flushing nmethod 0x0000018a2bff1590
Event: 28349.644 Thread 0x0000018a3f21d000 flushing nmethod 0x0000018a2c074790
Event: 28349.645 Thread 0x0000018a3f21d000 flushing nmethod 0x0000018a2c105b10
Event: 28349.645 Thread 0x0000018a3f21d000 flushing nmethod 0x0000018a2c105f10


Dynamic libraries:
0x00007ff61a090000 - 0x00007ff61a0d5000 	C:\Users\Public\frc2019\jdk\bin\java.exe
0x00007ff8c4470000 - 0x00007ff8c4651000 	C:\Windows\SYSTEM32\ntdll.dll
0x00007ff8c3a40000 - 0x00007ff8c3af1000 	C:\Windows\System32\KERNEL32.DLL
0x00007ff8c1530000 - 0x00007ff8c17a3000 	C:\Windows\System32\KERNELBASE.dll
0x00007ff8c3ea0000 - 0x00007ff8c4030000 	C:\Windows\System32\USER32.dll
0x00007ff8c0970000 - 0x00007ff8c0990000 	C:\Windows\System32\win32u.dll
0x00007ff8c2d50000 - 0x00007ff8c2d78000 	C:\Windows\System32\GDI32.dll
0x00007ff8c0990000 - 0x00007ff8c0b22000 	C:\Windows\System32\gdi32full.dll
0x00007ff8c0d20000 - 0x00007ff8c0dbf000 	C:\Windows\System32\msvcp_win.dll
0x00007ff8c1800000 - 0x00007ff8c18f8000 	C:\Windows\System32\ucrtbase.dll
0x00007ff8aa160000 - 0x00007ff8aa3c9000 	C:\Windows\WinSxS\amd64_microsoft.windows.common-controls_6595b64144ccf1df_6.0.17134.765_none_fb42a1a930655896\COMCTL32.dll
0x00007ff8c43a0000 - 0x00007ff8c443e000 	C:\Windows\System32\msvcrt.dll
0x00007ff8c4030000 - 0x00007ff8c4352000 	C:\Windows\System32\combase.dll
0x00007ff8c3910000 - 0x00007ff8c3a34000 	C:\Windows\System32\RPCRT4.dll
0x00007ff8c0840000 - 0x00007ff8c08ba000 	C:\Windows\System32\bcryptPrimitives.dll
0x00007ff8c4360000 - 0x00007ff8c438d000 	C:\Windows\System32\IMM32.DLL
0x00007ff87a940000 - 0x00007ff87a956000 	C:\Users\Public\frc2019\jdk\bin\vcruntime140.dll
0x00007ff8782e0000 - 0x00007ff87837b000 	C:\Users\Public\frc2019\jdk\bin\msvcp140.dll
0x00007ff877790000 - 0x00007ff8782d1000 	C:\Users\Public\frc2019\jdk\bin\server\jvm.dll
0x00007ff8c3280000 - 0x00007ff8c3321000 	C:\Windows\System32\ADVAPI32.dll
0x00007ff8c2e30000 - 0x00007ff8c2e8b000 	C:\Windows\System32\sechost.dll
0x00007ff8c3090000 - 0x00007ff8c3098000 	C:\Windows\System32\PSAPI.DLL
0x00007ff8af620000 - 0x00007ff8af629000 	C:\Windows\SYSTEM32\WSOCK32.dll
0x00007ff8c2eb0000 - 0x00007ff8c2f1c000 	C:\Windows\System32\WS2_32.dll
0x00007ff8bd2a0000 - 0x00007ff8bd2c3000 	C:\Windows\SYSTEM32\WINMM.dll
0x00007ff8b5540000 - 0x00007ff8b554a000 	C:\Windows\SYSTEM32\VERSION.dll
0x00007ff8bd270000 - 0x00007ff8bd29a000 	C:\Windows\SYSTEM32\winmmbase.dll
0x00007ff8c17b0000 - 0x00007ff8c17f9000 	C:\Windows\System32\cfgmgr32.dll
0x00007ff8c0820000 - 0x00007ff8c0831000 	C:\Windows\System32\kernel.appcore.dll
0x00007ff87a920000 - 0x00007ff87a931000 	C:\Users\Public\frc2019\jdk\bin\verify.dll
0x00007ff8bf1f0000 - 0x00007ff8bf3b9000 	C:\Windows\SYSTEM32\DBGHELP.DLL
0x00007ff8ab400000 - 0x00007ff8ab429000 	C:\Windows\SYSTEM32\dbgcore.DLL
0x00007ff87a8f0000 - 0x00007ff87a918000 	C:\Users\Public\frc2019\jdk\bin\java.dll
0x00007ff877770000 - 0x00007ff877786000 	C:\Users\Public\frc2019\jdk\bin\zip.dll
0x00007ff877760000 - 0x00007ff87776a000 	C:\Users\Public\frc2019\jdk\bin\jimage.dll
0x00007ff8c1910000 - 0x00007ff8c2d50000 	C:\Windows\System32\SHELL32.dll
0x00007ff8c2d80000 - 0x00007ff8c2e29000 	C:\Windows\System32\shcore.dll
0x00007ff8c0e20000 - 0x00007ff8c152d000 	C:\Windows\System32\windows.storage.dll
0x00007ff8c3330000 - 0x00007ff8c3381000 	C:\Windows\System32\shlwapi.dll
0x00007ff8c0800000 - 0x00007ff8c081f000 	C:\Windows\System32\profapi.dll
0x00007ff8c07b0000 - 0x00007ff8c07fc000 	C:\Windows\System32\powrprof.dll
0x00007ff8c07a0000 - 0x00007ff8c07aa000 	C:\Windows\System32\FLTLIB.DLL
0x00007ff877680000 - 0x00007ff877699000 	C:\Users\Public\frc2019\jdk\bin\net.dll
0x00007ff8ba960000 - 0x00007ff8baa3d000 	C:\Windows\SYSTEM32\WINHTTP.dll
0x00007ff8c0000000 - 0x00007ff8c0066000 	C:\Windows\system32\mswsock.dll
0x00007ff877660000 - 0x00007ff877673000 	C:\Users\Public\frc2019\jdk\bin\nio.dll
0x00007ff8c01b0000 - 0x00007ff8c01c7000 	C:\Windows\SYSTEM32\CRYPTSP.dll
0x00007ff8bfbe0000 - 0x00007ff8bfc13000 	C:\Windows\system32\rsaenh.dll
0x00007ff8c02e0000 - 0x00007ff8c0305000 	C:\Windows\SYSTEM32\bcrypt.dll
0x00007ff8c0680000 - 0x00007ff8c06a8000 	C:\Windows\SYSTEM32\USERENV.dll
0x00007ff8c01d0000 - 0x00007ff8c01db000 	C:\Windows\SYSTEM32\CRYPTBASE.dll
0x00007ff8bfd80000 - 0x00007ff8bfdb8000 	C:\Windows\SYSTEM32\IPHLPAPI.DLL
0x00007ff8c4390000 - 0x00007ff8c4398000 	C:\Windows\System32\NSI.dll
0x00007ff8b41f0000 - 0x00007ff8b4206000 	C:\Windows\SYSTEM32\dhcpcsvc6.DLL
0x00007ff8b4320000 - 0x00007ff8b433a000 	C:\Windows\SYSTEM32\dhcpcsvc.DLL
0x00007ff86cdf0000 - 0x00007ff86ce19000 	C:\Users\Public\frc2019\vscode\data\extensions\redhat.java-0.35.0\server\config_win\org.eclipse.equinox.launcher\org.eclipse.equinox.launcher.win32.win32.x86_64_1.1.900.v20180922-1751\eclipse_1801.dll
0x00007ff86c790000 - 0x00007ff86c7a1000 	C:\Users\Public\frc2019\vscode\data\extensions\redhat.java-0.35.0\server\config_win\org.eclipse.osgi\24\0\.cp\jWinHttp-1.0.0.dll
0x00007ff8c3b00000 - 0x00007ff8c3c51000 	C:\Windows\System32\ole32.dll
0x00007ff86c7b0000 - 0x00007ff86c7d7000 	C:\Users\Public\frc2019\jdk\bin\sunec.dll
0x00007ff8bfdc0000 - 0x00007ff8bfe7e000 	C:\Windows\SYSTEM32\DNSAPI.dll
0x0000000065750000 - 0x000000006575a000 	C:\Program Files\National Instruments\Shared\mDNS Responder\nimdnsNSP.dll
0x0000000065740000 - 0x0000000065750000 	C:\Windows\SYSTEM32\nimdnsResponder.dll
0x0000000065700000 - 0x0000000065735000 	C:\Program Files\Bonjour\mdnsNSP.dll
0x00007ff8b3a50000 - 0x00007ff8b3a5a000 	C:\Windows\System32\rasadhlp.dll
0x00007ff8bf870000 - 0x00007ff8bf8a1000 	C:\Windows\SYSTEM32\ntmarta.dll

dbghelp: loaded successfully - version: 4.0.5 - missing functions: none
symbol engine: initialized successfully - sym options: 0x614 - pdb path: .;C:\Users\Public\frc2019\jdk\bin;C:\Windows\SYSTEM32;C:\Windows\WinSxS\amd64_microsoft.windows.common-controls_6595b64144ccf1df_6.0.17134.765_none_fb42a1a930655896;C:\Users\Public\frc2019\jdk\bin\server;C:\Users\Public\frc2019\vscode\data\extensions\redhat.java-0.35.0\server\config_win\org.eclipse.equinox.launcher\org.eclipse.equinox.launcher.win32.win32.x86_64_1.1.900.v20180922-1751;C:\Users\Public\frc2019\vscode\data\extensions\redhat.java-0.35.0\server\config_win\org.eclipse.osgi\24\0\.cp;C:\Program Files\National Instruments\Shared\mDNS Responder;C:\Program Files\Bonjour

VM Arguments:
jvm_args: --add-modules=ALL-SYSTEM --add-opens=java.base/java.util=ALL-UNNAMED --add-opens=java.base/java.lang=ALL-UNNAMED -Declipse.application=org.eclipse.jdt.ls.core.id1 -Dosgi.bundles.defaultStartLevel=4 -Declipse.product=org.eclipse.jdt.ls.core.product -Xverify:none -Xmx1G -XX:+UseG1GC -XX:+UseStringDeduplication 
java_command: C:\Users\Public\frc2019\vscode\data\extensions\redhat.java-0.35.0\server\plugins\org.eclipse.equinox.launcher_1.5.200.v20180922-1751.jar -configuration C:\Users\Public\frc2019\vscode\data\extensions\redhat.java-0.35.0\server\config_win -data c:\Users\Public\frc2019\vscode\data\user-data\User\workspaceStorage\1134f63d4c6ef5d1f1d9227178e85544\redhat.java\jdt_ws
java_class_path (initial): C:\Users\Public\frc2019\vscode\data\extensions\redhat.java-0.35.0\server\plugins\org.eclipse.equinox.launcher_1.5.200.v20180922-1751.jar
Launcher Type: SUN_STANDARD

[Global flags]
     bool BytecodeVerificationLocal                = false                                     {product} {command line}
     bool BytecodeVerificationRemote               = false                                     {product} {command line}
     intx CICompilerCount                          = 4                                         {product} {ergonomic}
     uint ConcGCThreads                            = 2                                         {product} {ergonomic}
     uint G1ConcRefinementThreads                  = 8                                         {product} {ergonomic}
   size_t G1HeapRegionSize                         = 1048576                                   {product} {ergonomic}
    uintx GCDrainStackTargetSize                   = 64                                        {product} {ergonomic}
   size_t InitialHeapSize                          = 266338304                                 {product} {ergonomic}
   size_t MarkStackSize                            = 4194304                                   {product} {ergonomic}
   size_t MaxHeapSize                              = 1073741824                                {product} {command line}
   size_t MaxNewSize                               = 643825664                                 {product} {ergonomic}
   size_t MinHeapDeltaBytes                        = 1048576                                   {product} {ergonomic}
    uintx NonNMethodCodeHeapSize                   = 5835340                                {pd product} {ergonomic}
    uintx NonProfiledCodeHeapSize                  = 122911450                              {pd product} {ergonomic}
    uintx ProfiledCodeHeapSize                     = 122911450                              {pd product} {ergonomic}
    uintx ReservedCodeCacheSize                    = 251658240                              {pd product} {ergonomic}
     bool SegmentedCodeCache                       = true                                      {product} {ergonomic}
     bool UseCompressedClassPointers               = true                                 {lp64_product} {ergonomic}
     bool UseCompressedOops                        = true                                 {lp64_product} {ergonomic}
     bool UseG1GC                                  = true                                      {product} {command line}
     bool UseLargePagesIndividualAllocation        = false                                  {pd product} {ergonomic}
     bool UseStringDeduplication                   = true                                      {product} {command line}

Logging:
Log output configuration:
 #0: stdout all=warning uptime,level,tags
 #1: stderr all=off uptime,level,tags

Environment Variables:
JAVA_HOME=C:\Program Files\Java\jdk-11.0.1
PATH=C:\Program Files (x86)\Common Files\Oracle\Java\javapath;C:\Program Files (x86)\Intel\Intel(R) Management Engine Components\iCLS\;C:\Program Files\Intel\Intel(R) Management Engine Components\iCLS\;C:\Windows\system32;C:\Windows;C:\Windows\System32\Wbem;C:\Windows\System32\WindowsPowerShell\v1.0\;C:\Windows\System32\OpenSSH\;C:\Program Files (x86)\Intel\Intel(R) Management Engine Components\DAL;C:\Program Files\Intel\Intel(R) Management Engine Components\DAL;C:\Program Files\Intel\WiFi\bin\;C:\Program Files\Common Files\Intel\WirelessCommon\;C:\Program Files\Git\cmd;C:\Program Files\Java\jdk-11.0.1\bin;C:\Users\Public\frc2019\roborio\bin;C:\Users\Public\frc2019\frccode;C:\Users\piphi\AppData\Local\Programs\Python\Python37-32\Scripts\;C:\Users\piphi\AppData\Local\Programs\Python\Python37-32\;C:\Users\piphi\AppData\Local\Microsoft\WindowsApps;C:\Users\piphi\AppData\Local\Programs\Microsoft VS Code\bin;C:\Users\Public\frc2019\roborio\bin;C:\Users\Public\frc2019\frccode;C:\Program Files\Java\jdk-11.0.1;C:\Users\piphi\Downloads\apache-maven-3.6.1-bin\apache-maven-3.6.1\bin;
USERNAME=piphi
OS=Windows_NT
PROCESSOR_IDENTIFIER=Intel64 Family 6 Model 142 Stepping 11, GenuineIntel



---------------  S Y S T E M  ---------------

OS: Windows 10 , 64 bit Build 17134 (10.0.17134.753)

CPU:total 8 (initial active 8) (4 cores per cpu, 2 threads per core) family 6 model 142 stepping 11, cmov, cx8, fxsr, mmx, sse, sse2, sse3, ssse3, sse4.1, sse4.2, popcnt, avx, avx2, aes, clmul, erms, 3dnowpref, lzcnt, ht, tsc, tscinvbit, bmi1, bmi2, adx, fma

Memory: 4k page, system-wide physical 16164M (3448M free)
TotalPageFile size 20260M (AvailPageFile size 5M)
current process WorkingSet (physical memory assigned to process): 144M, peak: 448M
current process commit charge ("private bytes"): 542M, peak: 545M

vm_info: OpenJDK 64-Bit Server VM (11.0.1+13) for windows-amd64 JRE (11.0.1+13), built on Oct  6 2018 13:18:13 by "mach5one" with MS VC++ 15.5 (VS2017)

END.
