#
# There is insufficient memory for the Java Runtime Environment to continue.
# Native memory allocation (malloc) failed to allocate 1956016 bytes for Chunk::new
# Possible reasons:
#   The system is out of physical RAM or swap space
#   The process is running with CompressedOops enabled, and the Java Heap may be blocking the growth of the native heap
# Possible solutions:
#   Reduce memory load on the system
#   Increase physical memory or swap space
#   Check if swap backing store is full
#   Decrease Java heap size (-Xmx/-Xms)
#   Decrease number of Java threads
#   Decrease Java thread stack sizes (-Xss)
#   Set larger code cache with -XX:ReservedCodeCacheSize=
#   JVM is running with Unscaled Compressed Oops mode in which the Java heap is
#     placed in the first 4GB address space. The Java Heap base address is the
#     maximum limit for the native heap growth. Please use -XX:HeapBaseMinAddress
#     to set the Java Heap base and to place the Java Heap above 4GB virtual address.
# This output file may be truncated or incomplete.
#
#  Out of Memory Error (t:/workspace/open/src/hotspot/share/memory/arena.cpp:197), pid=91932, tid=115912
#
# JRE version: OpenJDK Runtime Environment (11.0.1+13) (build 11.0.1+13)
# Java VM: OpenJDK 64-Bit Server VM (11.0.1+13, mixed mode, tiered, compressed oops, g1 gc, windows-amd64)
# No core dump will be written. Minidumps are not enabled by default on client versions of Windows
#

---------------  S U M M A R Y ------------

Command Line: --add-opens=java.base/java.util=ALL-UNNAMED --add-opens=java.base/java.lang=ALL-UNNAMED --add-opens=java.base/java.lang.invoke=ALL-UNNAMED --add-opens=java.prefs/java.util.prefs=ALL-UNNAMED -XX:MaxMetaspaceSize=256m -XX:+HeapDumpOnOutOfMemoryError -Xmx512m -Dfile.encoding=windows-1252 -Duser.country=US -Duser.language=en -Duser.variant org.gradle.launcher.daemon.bootstrap.GradleDaemon 5.0

Host: Intel(R) Core(TM) i7-8565U CPU @ 1.80GHz, 8 cores, 15G,  Windows 10 , 64 bit Build 17134 (10.0.17134.753)
Time: Wed May 29 21:33:05 2019 Central Daylight Time elapsed time: 7 seconds (0d 0h 0m 7s)

---------------  T H R E A D  ---------------

Current thread (0x000001d4fd859000):  JavaThread "C2 CompilerThread0" daemon [_thread_in_native, id=115912, stack(0x00000086a8500000,0x00000086a8600000)]


Current CompileTask:
C2:   7252 3201       4       groovy.lang.MetaClassImpl$1MOPIter::methodNameAction (325 bytes)

Stack: [0x00000086a8500000,0x00000086a8600000]
Native frames: (J=compiled Java code, j=interpreted, Vv=VM code, C=native code)
V  [jvm.dll+0x63ad9a]
V  [jvm.dll+0x77851f]
V  [jvm.dll+0x779b08]
V  [jvm.dll+0x77a1c3]
V  [jvm.dll+0x2624c8]
V  [jvm.dll+0xc5b61]
V  [jvm.dll+0xc60fc]
V  [jvm.dll+0x36e5f2]
V  [jvm.dll+0x33b413]
V  [jvm.dll+0x33a7ea]
V  [jvm.dll+0x21c365]
V  [jvm.dll+0x21b50a]
V  [jvm.dll+0x198400]
V  [jvm.dll+0x22a4ff]
V  [jvm.dll+0x228b18]
V  [jvm.dll+0x73dc2d]
V  [jvm.dll+0x639e32]
C  [ucrtbase.dll+0x1e3fe]
C  [KERNEL32.DLL+0x14034]
C  [ntdll.dll+0x73691]


---------------  P R O C E S S  ---------------

Threads class SMR info:
_java_thread_list=0x000001d480e40580, length=36, elements={
0x000001d4e1b64000, 0x000001d4fcf00800, 0x000001d4fcf0b800, 0x000001d4fcf0d000,
0x000001d4fd857800, 0x000001d4fd859000, 0x000001d4fd868000, 0x000001d4fd869800,
0x000001d4fd9c1800, 0x000001d4fd9e8800, 0x000001d4fe43b800, 0x000001d4fe8f8000,
0x000001d4ff0ef800, 0x000001d4fedce800, 0x000001d4ff107800, 0x000001d4ff196800,
0x000001d4ff218800, 0x000001d4ff219800, 0x000001d4ff194000, 0x000001d4ff272800,
0x000001d4ff181800, 0x000001d4ff17e000, 0x000001d4ff184800, 0x000001d480361000,
0x000001d48024a000, 0x000001d4ff17f000, 0x000001d4ff180000, 0x000001d4ff182000,
0x000001d4ff183000, 0x000001d4ff184000, 0x000001d483230000, 0x000001d483232800,
0x000001d483232000, 0x000001d483235000, 0x000001d483233800, 0x000001d483236000
}

Java Threads: ( => current thread )
  0x000001d4e1b64000 JavaThread "main" [_thread_blocked, id=100096, stack(0x00000086a7a00000,0x00000086a7b00000)]
  0x000001d4fcf00800 JavaThread "Reference Handler" daemon [_thread_blocked, id=114916, stack(0x00000086a8100000,0x00000086a8200000)]
  0x000001d4fcf0b800 JavaThread "Finalizer" daemon [_thread_blocked, id=92008, stack(0x00000086a8200000,0x00000086a8300000)]
  0x000001d4fcf0d000 JavaThread "Signal Dispatcher" daemon [_thread_blocked, id=78872, stack(0x00000086a8300000,0x00000086a8400000)]
  0x000001d4fd857800 JavaThread "Attach Listener" daemon [_thread_blocked, id=112296, stack(0x00000086a8400000,0x00000086a8500000)]
=>0x000001d4fd859000 JavaThread "C2 CompilerThread0" daemon [_thread_in_native, id=115912, stack(0x00000086a8500000,0x00000086a8600000)]
  0x000001d4fd868000 JavaThread "C1 CompilerThread0" daemon [_thread_in_vm, id=89060, stack(0x00000086a8600000,0x00000086a8700000)]
  0x000001d4fd869800 JavaThread "Sweeper thread" daemon [_thread_blocked, id=48460, stack(0x00000086a8700000,0x00000086a8800000)]
  0x000001d4fd9c1800 JavaThread "Common-Cleaner" daemon [_thread_blocked, id=115752, stack(0x00000086a8800000,0x00000086a8900000)]
  0x000001d4fd9e8800 JavaThread "Service Thread" daemon [_thread_blocked, id=115940, stack(0x00000086a8900000,0x00000086a8a00000)]
  0x000001d4fe43b800 JavaThread "Incoming local TCP Connector on port 59011" [_thread_in_native, id=116020, stack(0x00000086a9000000,0x00000086a9100000)]
  0x000001d4fe8f8000 JavaThread "Daemon periodic checks" [_thread_blocked, id=116000, stack(0x00000086a9100000,0x00000086a9200000)]
  0x000001d4ff0ef800 JavaThread "Daemon" [_thread_blocked, id=50648, stack(0x00000086a9200000,0x00000086a9300000)]
  0x000001d4fedce800 JavaThread "Handler for socket connection from /127.0.0.1:59011 to /127.0.0.1:59012" [_thread_in_native, id=116068, stack(0x00000086a9300000,0x00000086a9400000)]
  0x000001d4ff107800 JavaThread "Cancel handler" [_thread_blocked, id=72752, stack(0x00000086a9400000,0x00000086a9500000)]
  0x000001d4ff196800 JavaThread "Daemon worker" [_thread_in_Java, id=49164, stack(0x00000086a9500000,0x00000086a9600000)]
  0x000001d4ff218800 JavaThread "Asynchronous log dispatcher for DefaultDaemonConnection: socket connection from /127.0.0.1:59011 to /127.0.0.1:59012" [_thread_blocked, id=109172, stack(0x00000086a9600000,0x00000086a9700000)]
  0x000001d4ff219800 JavaThread "Stdin handler" [_thread_blocked, id=115748, stack(0x00000086a9700000,0x00000086a9800000)]
  0x000001d4ff194000 JavaThread "Thread-7" [_thread_blocked, id=94828, stack(0x00000086a9800000,0x00000086a9900000)]
  0x000001d4ff272800 JavaThread "Cache worker for file hash cache (C:\Users\piphi\.gradle\caches\5.0\fileHashes)" [_thread_blocked, id=25524, stack(0x00000086a9900000,0x00000086a9a00000)]
  0x000001d4ff181800 JavaThread "File lock request listener" [_thread_in_native, id=113164, stack(0x00000086a9a00000,0x00000086a9b00000)]
  0x000001d4ff17e000 JavaThread "Cache worker for file hash cache (C:\Users\piphi\OneDrive\Documents\Phantom6901\Phantom2019OffSeason\.gradle\5.0\fileHashes)" [_thread_blocked, id=116244, stack(0x00000086a9b00000,0x00000086a9c00000)]
  0x000001d4ff184800 JavaThread "Cache worker for journal cache (C:\Users\piphi\.gradle\caches\journal-1)" [_thread_blocked, id=116316, stack(0x00000086a9c00000,0x00000086a9d00000)]
  0x000001d480361000 JavaThread "C2 CompilerThread1" daemon [_thread_in_native, id=115108, stack(0x00000086aa000000,0x00000086aa100000)]
  0x000001d48024a000 JavaThread "C2 CompilerThread2" daemon [_thread_in_native, id=116356, stack(0x00000086aa100000,0x00000086aa200000)]
  0x000001d4ff17f000 JavaThread "Cache worker for cache directory md-supplier (C:\Users\piphi\.gradle\caches\5.0\md-supplier)" [_thread_blocked, id=114356, stack(0x00000086aa200000,0x00000086aa300000)]
  0x000001d4ff180000 JavaThread "Cache worker for cache directory md-rule (C:\Users\piphi\.gradle\caches\5.0\md-rule)" [_thread_blocked, id=116152, stack(0x00000086aa300000,0x00000086aa400000)]
  0x000001d4ff182000 JavaThread "Cache worker for Artifact transforms cache (C:\Users\piphi\.gradle\caches\transforms-1)" [_thread_blocked, id=114952, stack(0x00000086aa400000,0x00000086aa500000)]
  0x000001d4ff183000 JavaThread "Build operations" [_thread_blocked, id=116232, stack(0x00000086aa500000,0x00000086aa600000)]
  0x000001d4ff184000 JavaThread "Build operations Thread 2" [_thread_blocked, id=114944, stack(0x00000086aa600000,0x00000086aa700000)]
  0x000001d483230000 JavaThread "Build operations Thread 3" [_thread_blocked, id=114472, stack(0x00000086aa700000,0x00000086aa800000)]
  0x000001d483232800 JavaThread "Build operations Thread 4" [_thread_blocked, id=114580, stack(0x00000086aa800000,0x00000086aa900000)]
  0x000001d483232000 JavaThread "Build operations Thread 5" [_thread_blocked, id=113560, stack(0x00000086aa900000,0x00000086aaa00000)]
  0x000001d483235000 JavaThread "Build operations Thread 6" [_thread_blocked, id=113812, stack(0x00000086aaa00000,0x00000086aab00000)]
  0x000001d483233800 JavaThread "Build operations Thread 7" [_thread_blocked, id=114176, stack(0x00000086aab00000,0x00000086aac00000)]
  0x000001d483236000 JavaThread "Build operations Thread 8" [_thread_blocked, id=114148, stack(0x00000086aac00000,0x00000086aad00000)]

Other Threads:
  0x000001d4fcedc000 VMThread "VM Thread" [stack: 0x00000086a8000000,0x00000086a8100000] [id=115888]
  0x000001d4fd9e9800 WatcherThread [stack: 0x00000086a8a00000,0x00000086a8b00000] [id=24100]
  0x000001d4e1b7e000 GCTaskThread "GC Thread#0" [stack: 0x00000086a7b00000,0x00000086a7c00000] [id=76316]
  0x000001d4fe047800 GCTaskThread "GC Thread#1" [stack: 0x00000086a8b00000,0x00000086a8c00000] [id=82096]
  0x000001d4fe048800 GCTaskThread "GC Thread#2" [stack: 0x00000086a8c00000,0x00000086a8d00000] [id=113936]
  0x000001d4fe125000 GCTaskThread "GC Thread#3" [stack: 0x00000086a8d00000,0x00000086a8e00000] [id=111856]
  0x000001d4fe126000 GCTaskThread "GC Thread#4" [stack: 0x00000086a8e00000,0x00000086a8f00000] [id=115760]
  0x000001d4fe3cb800 GCTaskThread "GC Thread#5" [stack: 0x00000086a8f00000,0x00000086a9000000] [id=112064]
  0x000001d4800bf000 GCTaskThread "GC Thread#6" [stack: 0x00000086a9d00000,0x00000086a9e00000] [id=115128]
  0x000001d4ff17a800 GCTaskThread "GC Thread#7" [stack: 0x00000086a9e00000,0x00000086a9f00000] [id=116284]
  0x000001d4e1b8e800 ConcurrentGCThread "G1 Main Marker" [stack: 0x00000086a7c00000,0x00000086a7d00000] [id=93700]
  0x000001d4e1b91000 ConcurrentGCThread "G1 Conc#0" [stack: 0x00000086a7d00000,0x00000086a7e00000] [id=11048]
  0x000001d4ff33c000 ConcurrentGCThread "G1 Conc#1" [stack: 0x00000086a9f00000,0x00000086aa000000] [id=114852]
  0x000001d4e1c3d800 ConcurrentGCThread "G1 Refine#0" [stack: 0x00000086a7e00000,0x00000086a7f00000] [id=107756]
  0x000001d4fcd78800 ConcurrentGCThread "G1 Young RemSet Sampling" [stack: 0x00000086a7f00000,0x00000086a8000000] [id=115872]

Threads with active compile tasks:
C2 CompilerThread03201       4       groovy.lang.MetaClassImpl$1MOPIter::methodNameAction (325 bytes)
C1 CompilerThread03483       3       com.google.common.collect.ImmutableList::copyOf (53 bytes)
C2 CompilerThread13424       4       java.util.StringJoiner::compactElts (93 bytes)
C2 CompilerThread23399       4       java.util.StringJoiner::toString (181 bytes)

VM state:not at safepoint (normal execution)

VM Mutex/Monitor currently owned by a thread: None

Heap address: 0x00000000e0000000, size: 512 MB, Compressed Oops mode: 32-bit
Narrow klass base: 0x0000000000000000, Narrow klass shift: 3
Compressed class space size: 260046848 Address: 0x0000000100000000

Heap:
 garbage-first heap   total 260096K, used 82551K [0x00000000e0000000, 0x0000000100000000)
  region size 1024K, 68 young (69632K), 7 survivors (7168K)
 Metaspace       used 42264K, capacity 43028K, committed 43136K, reserved 292864K
  class space    used 5395K, capacity 5666K, committed 5760K, reserved 253952K
Heap Regions: E=young(eden), S=young(survivor), O=old, HS=humongous(starts), HC=humongous(continues), CS=collection set, F=free, A=archive, TAMS=top-at-mark-start (previous, next)
|   0|0x00000000e0000000, 0x00000000e0100000, 0x00000000e0100000|100%|HS|  |TAMS 0x00000000e0100000, 0x00000000e0000000| Complete 
|   1|0x00000000e0100000, 0x00000000e0200000, 0x00000000e0200000|100%|HS|  |TAMS 0x00000000e0200000, 0x00000000e0100000| Complete 
|   2|0x00000000e0200000, 0x00000000e0300000, 0x00000000e0300000|100%|HC|  |TAMS 0x00000000e0300000, 0x00000000e0200000| Complete 
|   3|0x00000000e0300000, 0x00000000e0400000, 0x00000000e0400000|100%| O|  |TAMS 0x00000000e0400000, 0x00000000e0300000| Untracked 
|   4|0x00000000e0400000, 0x00000000e0500000, 0x00000000e0500000|100%| O|  |TAMS 0x00000000e0500000, 0x00000000e0400000| Untracked 
|   5|0x00000000e0500000, 0x00000000e0600000, 0x00000000e0600000|100%| O|  |TAMS 0x00000000e0600000, 0x00000000e0500000| Untracked 
|   6|0x00000000e0600000, 0x00000000e0700000, 0x00000000e0700000|100%| O|  |TAMS 0x00000000e0700000, 0x00000000e0600000| Untracked 
|   7|0x00000000e0700000, 0x00000000e0800000, 0x00000000e0800000|100%| O|  |TAMS 0x00000000e0800000, 0x00000000e0700000| Untracked 
|   8|0x00000000e0800000, 0x00000000e0900000, 0x00000000e0900000|100%| O|  |TAMS 0x00000000e0900000, 0x00000000e0800000| Untracked 
|   9|0x00000000e0900000, 0x00000000e0a00000, 0x00000000e0a00000|100%| O|  |TAMS 0x00000000e0a00000, 0x00000000e0900000| Untracked 
|  10|0x00000000e0a00000, 0x00000000e0b00000, 0x00000000e0b00000|100%| O|  |TAMS 0x00000000e0b00000, 0x00000000e0a00000| Untracked 
|  11|0x00000000e0b00000, 0x00000000e0c00000, 0x00000000e0c00000|100%| O|  |TAMS 0x00000000e0c00000, 0x00000000e0b00000| Untracked 
|  12|0x00000000e0c00000, 0x00000000e0d00000, 0x00000000e0d00000|100%| O|  |TAMS 0x00000000e0d00000, 0x00000000e0c00000| Untracked 
|  13|0x00000000e0d00000, 0x00000000e0e00000, 0x00000000e0e00000|100%| O|  |TAMS 0x00000000e0e00000, 0x00000000e0d00000| Untracked 
|  14|0x00000000e0e00000, 0x00000000e0e43c00, 0x00000000e0f00000| 26%| O|  |TAMS 0x00000000e0e43c00, 0x00000000e0e00000| Untracked 
|  15|0x00000000e0f00000, 0x00000000e0f00000, 0x00000000e1000000|  0%| F|  |TAMS 0x00000000e0f00000, 0x00000000e0f00000| Untracked 
|  16|0x00000000e1000000, 0x00000000e1000000, 0x00000000e1100000|  0%| F|  |TAMS 0x00000000e1000000, 0x00000000e1000000| Untracked 
|  17|0x00000000e1100000, 0x00000000e1100000, 0x00000000e1200000|  0%| F|  |TAMS 0x00000000e1100000, 0x00000000e1100000| Untracked 
|  18|0x00000000e1200000, 0x00000000e1200000, 0x00000000e1300000|  0%| F|  |TAMS 0x00000000e1200000, 0x00000000e1200000| Untracked 
|  19|0x00000000e1300000, 0x00000000e1300000, 0x00000000e1400000|  0%| F|  |TAMS 0x00000000e1300000, 0x00000000e1300000| Untracked 
|  20|0x00000000e1400000, 0x00000000e1400000, 0x00000000e1500000|  0%| F|  |TAMS 0x00000000e1400000, 0x00000000e1400000| Untracked 
|  21|0x00000000e1500000, 0x00000000e1500000, 0x00000000e1600000|  0%| F|  |TAMS 0x00000000e1500000, 0x00000000e1500000| Untracked 
|  22|0x00000000e1600000, 0x00000000e1600000, 0x00000000e1700000|  0%| F|  |TAMS 0x00000000e1600000, 0x00000000e1600000| Untracked 
|  23|0x00000000e1700000, 0x00000000e1700000, 0x00000000e1800000|  0%| F|  |TAMS 0x00000000e1700000, 0x00000000e1700000| Untracked 
|  24|0x00000000e1800000, 0x00000000e1800000, 0x00000000e1900000|  0%| F|  |TAMS 0x00000000e1800000, 0x00000000e1800000| Untracked 
|  25|0x00000000e1900000, 0x00000000e1900000, 0x00000000e1a00000|  0%| F|  |TAMS 0x00000000e1900000, 0x00000000e1900000| Untracked 
|  26|0x00000000e1a00000, 0x00000000e1a00000, 0x00000000e1b00000|  0%| F|  |TAMS 0x00000000e1a00000, 0x00000000e1a00000| Untracked 
|  27|0x00000000e1b00000, 0x00000000e1b00000, 0x00000000e1c00000|  0%| F|  |TAMS 0x00000000e1b00000, 0x00000000e1b00000| Untracked 
|  28|0x00000000e1c00000, 0x00000000e1c00000, 0x00000000e1d00000|  0%| F|  |TAMS 0x00000000e1c00000, 0x00000000e1c00000| Untracked 
|  29|0x00000000e1d00000, 0x00000000e1d00000, 0x00000000e1e00000|  0%| F|  |TAMS 0x00000000e1d00000, 0x00000000e1d00000| Untracked 
|  30|0x00000000e1e00000, 0x00000000e1e00000, 0x00000000e1f00000|  0%| F|  |TAMS 0x00000000e1e00000, 0x00000000e1e00000| Untracked 
|  31|0x00000000e1f00000, 0x00000000e1f00000, 0x00000000e2000000|  0%| F|  |TAMS 0x00000000e1f00000, 0x00000000e1f00000| Untracked 
|  32|0x00000000e2000000, 0x00000000e2000000, 0x00000000e2100000|  0%| F|  |TAMS 0x00000000e2000000, 0x00000000e2000000| Untracked 
|  33|0x00000000e2100000, 0x00000000e2100000, 0x00000000e2200000|  0%| F|  |TAMS 0x00000000e2100000, 0x00000000e2100000| Untracked 
|  34|0x00000000e2200000, 0x00000000e2200000, 0x00000000e2300000|  0%| F|  |TAMS 0x00000000e2200000, 0x00000000e2200000| Untracked 
|  35|0x00000000e2300000, 0x00000000e2300000, 0x00000000e2400000|  0%| F|  |TAMS 0x00000000e2300000, 0x00000000e2300000| Untracked 
|  36|0x00000000e2400000, 0x00000000e2400000, 0x00000000e2500000|  0%| F|  |TAMS 0x00000000e2400000, 0x00000000e2400000| Untracked 
|  37|0x00000000e2500000, 0x00000000e2500000, 0x00000000e2600000|  0%| F|  |TAMS 0x00000000e2500000, 0x00000000e2500000| Untracked 
|  38|0x00000000e2600000, 0x00000000e2600000, 0x00000000e2700000|  0%| F|  |TAMS 0x00000000e2600000, 0x00000000e2600000| Untracked 
|  39|0x00000000e2700000, 0x00000000e2700000, 0x00000000e2800000|  0%| F|  |TAMS 0x00000000e2700000, 0x00000000e2700000| Untracked 
|  40|0x00000000e2800000, 0x00000000e2800000, 0x00000000e2900000|  0%| F|  |TAMS 0x00000000e2800000, 0x00000000e2800000| Untracked 
|  41|0x00000000e2900000, 0x00000000e2900000, 0x00000000e2a00000|  0%| F|  |TAMS 0x00000000e2900000, 0x00000000e2900000| Untracked 
|  42|0x00000000e2a00000, 0x00000000e2a00000, 0x00000000e2b00000|  0%| F|  |TAMS 0x00000000e2a00000, 0x00000000e2a00000| Untracked 
|  43|0x00000000e2b00000, 0x00000000e2b00000, 0x00000000e2c00000|  0%| F|  |TAMS 0x00000000e2b00000, 0x00000000e2b00000| Untracked 
|  44|0x00000000e2c00000, 0x00000000e2c00000, 0x00000000e2d00000|  0%| F|  |TAMS 0x00000000e2c00000, 0x00000000e2c00000| Untracked 
|  45|0x00000000e2d00000, 0x00000000e2d00000, 0x00000000e2e00000|  0%| F|  |TAMS 0x00000000e2d00000, 0x00000000e2d00000| Untracked 
|  46|0x00000000e2e00000, 0x00000000e2e00000, 0x00000000e2f00000|  0%| F|  |TAMS 0x00000000e2e00000, 0x00000000e2e00000| Untracked 
|  47|0x00000000e2f00000, 0x00000000e2f00000, 0x00000000e3000000|  0%| F|  |TAMS 0x00000000e2f00000, 0x00000000e2f00000| Untracked 
|  48|0x00000000e3000000, 0x00000000e3000000, 0x00000000e3100000|  0%| F|  |TAMS 0x00000000e3000000, 0x00000000e3000000| Untracked 
|  49|0x00000000e3100000, 0x00000000e3100000, 0x00000000e3200000|  0%| F|  |TAMS 0x00000000e3100000, 0x00000000e3100000| Untracked 
|  50|0x00000000e3200000, 0x00000000e3200000, 0x00000000e3300000|  0%| F|  |TAMS 0x00000000e3200000, 0x00000000e3200000| Untracked 
|  51|0x00000000e3300000, 0x00000000e3300000, 0x00000000e3400000|  0%| F|  |TAMS 0x00000000e3300000, 0x00000000e3300000| Untracked 
|  52|0x00000000e3400000, 0x00000000e3400000, 0x00000000e3500000|  0%| F|  |TAMS 0x00000000e3400000, 0x00000000e3400000| Untracked 
|  53|0x00000000e3500000, 0x00000000e3500000, 0x00000000e3600000|  0%| F|  |TAMS 0x00000000e3500000, 0x00000000e3500000| Untracked 
|  54|0x00000000e3600000, 0x00000000e3600000, 0x00000000e3700000|  0%| F|  |TAMS 0x00000000e3600000, 0x00000000e3600000| Untracked 
|  55|0x00000000e3700000, 0x00000000e3700000, 0x00000000e3800000|  0%| F|  |TAMS 0x00000000e3700000, 0x00000000e3700000| Untracked 
|  56|0x00000000e3800000, 0x00000000e3800000, 0x00000000e3900000|  0%| F|  |TAMS 0x00000000e3800000, 0x00000000e3800000| Untracked 
|  57|0x00000000e3900000, 0x00000000e3900000, 0x00000000e3a00000|  0%| F|  |TAMS 0x00000000e3900000, 0x00000000e3900000| Untracked 
|  58|0x00000000e3a00000, 0x00000000e3a00000, 0x00000000e3b00000|  0%| F|  |TAMS 0x00000000e3a00000, 0x00000000e3a00000| Untracked 
|  59|0x00000000e3b00000, 0x00000000e3b00000, 0x00000000e3c00000|  0%| F|  |TAMS 0x00000000e3b00000, 0x00000000e3b00000| Untracked 
|  60|0x00000000e3c00000, 0x00000000e3c00000, 0x00000000e3d00000|  0%| F|  |TAMS 0x00000000e3c00000, 0x00000000e3c00000| Untracked 
|  61|0x00000000e3d00000, 0x00000000e3d00000, 0x00000000e3e00000|  0%| F|  |TAMS 0x00000000e3d00000, 0x00000000e3d00000| Untracked 
|  62|0x00000000e3e00000, 0x00000000e3e00000, 0x00000000e3f00000|  0%| F|  |TAMS 0x00000000e3e00000, 0x00000000e3e00000| Untracked 
|  63|0x00000000e3f00000, 0x00000000e3f00000, 0x00000000e4000000|  0%| F|  |TAMS 0x00000000e3f00000, 0x00000000e3f00000| Untracked 
|  64|0x00000000e4000000, 0x00000000e4000000, 0x00000000e4100000|  0%| F|  |TAMS 0x00000000e4000000, 0x00000000e4000000| Untracked 
|  65|0x00000000e4100000, 0x00000000e4100000, 0x00000000e4200000|  0%| F|  |TAMS 0x00000000e4100000, 0x00000000e4100000| Untracked 
|  66|0x00000000e4200000, 0x00000000e4200000, 0x00000000e4300000|  0%| F|  |TAMS 0x00000000e4200000, 0x00000000e4200000| Untracked 
|  67|0x00000000e4300000, 0x00000000e4300000, 0x00000000e4400000|  0%| F|  |TAMS 0x00000000e4300000, 0x00000000e4300000| Untracked 
|  68|0x00000000e4400000, 0x00000000e4400000, 0x00000000e4500000|  0%| F|  |TAMS 0x00000000e4400000, 0x00000000e4400000| Untracked 
|  69|0x00000000e4500000, 0x00000000e4500000, 0x00000000e4600000|  0%| F|  |TAMS 0x00000000e4500000, 0x00000000e4500000| Untracked 
|  70|0x00000000e4600000, 0x00000000e4600000, 0x00000000e4700000|  0%| F|  |TAMS 0x00000000e4600000, 0x00000000e4600000| Untracked 
|  71|0x00000000e4700000, 0x00000000e4700000, 0x00000000e4800000|  0%| F|  |TAMS 0x00000000e4700000, 0x00000000e4700000| Untracked 
|  72|0x00000000e4800000, 0x00000000e4800000, 0x00000000e4900000|  0%| F|  |TAMS 0x00000000e4800000, 0x00000000e4800000| Untracked 
|  73|0x00000000e4900000, 0x00000000e4900000, 0x00000000e4a00000|  0%| F|  |TAMS 0x00000000e4900000, 0x00000000e4900000| Untracked 
|  74|0x00000000e4a00000, 0x00000000e4a00000, 0x00000000e4b00000|  0%| F|  |TAMS 0x00000000e4a00000, 0x00000000e4a00000| Untracked 
|  75|0x00000000e4b00000, 0x00000000e4b00000, 0x00000000e4c00000|  0%| F|  |TAMS 0x00000000e4b00000, 0x00000000e4b00000| Untracked 
|  76|0x00000000e4c00000, 0x00000000e4c00000, 0x00000000e4d00000|  0%| F|  |TAMS 0x00000000e4c00000, 0x00000000e4c00000| Untracked 
|  77|0x00000000e4d00000, 0x00000000e4d00000, 0x00000000e4e00000|  0%| F|  |TAMS 0x00000000e4d00000, 0x00000000e4d00000| Untracked 
|  78|0x00000000e4e00000, 0x00000000e4e00000, 0x00000000e4f00000|  0%| F|  |TAMS 0x00000000e4e00000, 0x00000000e4e00000| Untracked 
|  79|0x00000000e4f00000, 0x00000000e4f00000, 0x00000000e5000000|  0%| F|  |TAMS 0x00000000e4f00000, 0x00000000e4f00000| Untracked 
|  80|0x00000000e5000000, 0x00000000e5000000, 0x00000000e5100000|  0%| F|  |TAMS 0x00000000e5000000, 0x00000000e5000000| Untracked 
|  81|0x00000000e5100000, 0x00000000e5100000, 0x00000000e5200000|  0%| F|  |TAMS 0x00000000e5100000, 0x00000000e5100000| Untracked 
|  82|0x00000000e5200000, 0x00000000e5200000, 0x00000000e5300000|  0%| F|  |TAMS 0x00000000e5200000, 0x00000000e5200000| Untracked 
|  83|0x00000000e5300000, 0x00000000e5300000, 0x00000000e5400000|  0%| F|  |TAMS 0x00000000e5300000, 0x00000000e5300000| Untracked 
|  84|0x00000000e5400000, 0x00000000e5400000, 0x00000000e5500000|  0%| F|  |TAMS 0x00000000e5400000, 0x00000000e5400000| Untracked 
|  85|0x00000000e5500000, 0x00000000e5500000, 0x00000000e5600000|  0%| F|  |TAMS 0x00000000e5500000, 0x00000000e5500000| Untracked 
|  86|0x00000000e5600000, 0x00000000e5600000, 0x00000000e5700000|  0%| F|  |TAMS 0x00000000e5600000, 0x00000000e5600000| Untracked 
|  87|0x00000000e5700000, 0x00000000e5700000, 0x00000000e5800000|  0%| F|  |TAMS 0x00000000e5700000, 0x00000000e5700000| Untracked 
|  88|0x00000000e5800000, 0x00000000e5800000, 0x00000000e5900000|  0%| F|  |TAMS 0x00000000e5800000, 0x00000000e5800000| Untracked 
|  89|0x00000000e5900000, 0x00000000e5900000, 0x00000000e5a00000|  0%| F|  |TAMS 0x00000000e5900000, 0x00000000e5900000| Untracked 
|  90|0x00000000e5a00000, 0x00000000e5a00000, 0x00000000e5b00000|  0%| F|  |TAMS 0x00000000e5a00000, 0x00000000e5a00000| Untracked 
|  91|0x00000000e5b00000, 0x00000000e5b00000, 0x00000000e5c00000|  0%| F|  |TAMS 0x00000000e5b00000, 0x00000000e5b00000| Untracked 
|  92|0x00000000e5c00000, 0x00000000e5c00000, 0x00000000e5d00000|  0%| F|  |TAMS 0x00000000e5c00000, 0x00000000e5c00000| Untracked 
|  93|0x00000000e5d00000, 0x00000000e5d00000, 0x00000000e5e00000|  0%| F|  |TAMS 0x00000000e5d00000, 0x00000000e5d00000| Untracked 
|  94|0x00000000e5e00000, 0x00000000e5e00000, 0x00000000e5f00000|  0%| F|  |TAMS 0x00000000e5e00000, 0x00000000e5e00000| Untracked 
|  95|0x00000000e5f00000, 0x00000000e5f00000, 0x00000000e6000000|  0%| F|  |TAMS 0x00000000e5f00000, 0x00000000e5f00000| Untracked 
|  96|0x00000000e6000000, 0x00000000e6000000, 0x00000000e6100000|  0%| F|  |TAMS 0x00000000e6000000, 0x00000000e6000000| Untracked 
|  97|0x00000000e6100000, 0x00000000e6100000, 0x00000000e6200000|  0%| F|  |TAMS 0x00000000e6100000, 0x00000000e6100000| Untracked 
|  98|0x00000000e6200000, 0x00000000e6200000, 0x00000000e6300000|  0%| F|  |TAMS 0x00000000e6200000, 0x00000000e6200000| Untracked 
|  99|0x00000000e6300000, 0x00000000e6300000, 0x00000000e6400000|  0%| F|  |TAMS 0x00000000e6300000, 0x00000000e6300000| Untracked 
| 100|0x00000000e6400000, 0x00000000e6400000, 0x00000000e6500000|  0%| F|  |TAMS 0x00000000e6400000, 0x00000000e6400000| Untracked 
| 101|0x00000000e6500000, 0x00000000e6500000, 0x00000000e6600000|  0%| F|  |TAMS 0x00000000e6500000, 0x00000000e6500000| Untracked 
| 102|0x00000000e6600000, 0x00000000e6600000, 0x00000000e6700000|  0%| F|  |TAMS 0x00000000e6600000, 0x00000000e6600000| Untracked 
| 103|0x00000000e6700000, 0x00000000e6700000, 0x00000000e6800000|  0%| F|  |TAMS 0x00000000e6700000, 0x00000000e6700000| Untracked 
| 104|0x00000000e6800000, 0x00000000e6800000, 0x00000000e6900000|  0%| F|  |TAMS 0x00000000e6800000, 0x00000000e6800000| Untracked 
| 105|0x00000000e6900000, 0x00000000e6900000, 0x00000000e6a00000|  0%| F|  |TAMS 0x00000000e6900000, 0x00000000e6900000| Untracked 
| 106|0x00000000e6a00000, 0x00000000e6a00000, 0x00000000e6b00000|  0%| F|  |TAMS 0x00000000e6a00000, 0x00000000e6a00000| Untracked 
| 107|0x00000000e6b00000, 0x00000000e6b00000, 0x00000000e6c00000|  0%| F|  |TAMS 0x00000000e6b00000, 0x00000000e6b00000| Untracked 
| 108|0x00000000e6c00000, 0x00000000e6c00000, 0x00000000e6d00000|  0%| F|  |TAMS 0x00000000e6c00000, 0x00000000e6c00000| Untracked 
| 109|0x00000000e6d00000, 0x00000000e6d00000, 0x00000000e6e00000|  0%| F|  |TAMS 0x00000000e6d00000, 0x00000000e6d00000| Untracked 
| 110|0x00000000e6e00000, 0x00000000e6e00000, 0x00000000e6f00000|  0%| F|  |TAMS 0x00000000e6e00000, 0x00000000e6e00000| Untracked 
| 111|0x00000000e6f00000, 0x00000000e6f00000, 0x00000000e7000000|  0%| F|  |TAMS 0x00000000e6f00000, 0x00000000e6f00000| Untracked 
| 112|0x00000000e7000000, 0x00000000e7000000, 0x00000000e7100000|  0%| F|  |TAMS 0x00000000e7000000, 0x00000000e7000000| Untracked 
| 113|0x00000000e7100000, 0x00000000e7100000, 0x00000000e7200000|  0%| F|  |TAMS 0x00000000e7100000, 0x00000000e7100000| Untracked 
| 114|0x00000000e7200000, 0x00000000e7200000, 0x00000000e7300000|  0%| F|  |TAMS 0x00000000e7200000, 0x00000000e7200000| Untracked 
| 115|0x00000000e7300000, 0x00000000e7300000, 0x00000000e7400000|  0%| F|  |TAMS 0x00000000e7300000, 0x00000000e7300000| Untracked 
| 116|0x00000000e7400000, 0x00000000e7400000, 0x00000000e7500000|  0%| F|  |TAMS 0x00000000e7400000, 0x00000000e7400000| Untracked 
| 117|0x00000000e7500000, 0x00000000e7500000, 0x00000000e7600000|  0%| F|  |TAMS 0x00000000e7500000, 0x00000000e7500000| Untracked 
| 118|0x00000000e7600000, 0x00000000e7600000, 0x00000000e7700000|  0%| F|  |TAMS 0x00000000e7600000, 0x00000000e7600000| Untracked 
| 119|0x00000000e7700000, 0x00000000e7700000, 0x00000000e7800000|  0%| F|  |TAMS 0x00000000e7700000, 0x00000000e7700000| Untracked 
| 120|0x00000000e7800000, 0x00000000e7800000, 0x00000000e7900000|  0%| F|  |TAMS 0x00000000e7800000, 0x00000000e7800000| Untracked 
| 121|0x00000000e7900000, 0x00000000e7900000, 0x00000000e7a00000|  0%| F|  |TAMS 0x00000000e7900000, 0x00000000e7900000| Untracked 
| 122|0x00000000e7a00000, 0x00000000e7a00000, 0x00000000e7b00000|  0%| F|  |TAMS 0x00000000e7a00000, 0x00000000e7a00000| Untracked 
| 123|0x00000000e7b00000, 0x00000000e7b00000, 0x00000000e7c00000|  0%| F|  |TAMS 0x00000000e7b00000, 0x00000000e7b00000| Untracked 
| 124|0x00000000e7c00000, 0x00000000e7c00000, 0x00000000e7d00000|  0%| F|  |TAMS 0x00000000e7c00000, 0x00000000e7c00000| Untracked 
| 125|0x00000000e7d00000, 0x00000000e7d00000, 0x00000000e7e00000|  0%| F|  |TAMS 0x00000000e7d00000, 0x00000000e7d00000| Untracked 
| 126|0x00000000e7e00000, 0x00000000e7e00000, 0x00000000e7f00000|  0%| F|  |TAMS 0x00000000e7e00000, 0x00000000e7e00000| Untracked 
| 127|0x00000000e7f00000, 0x00000000e7f00000, 0x00000000e8000000|  0%| F|  |TAMS 0x00000000e7f00000, 0x00000000e7f00000| Untracked 
| 128|0x00000000e8000000, 0x00000000e8000000, 0x00000000e8100000|  0%| F|  |TAMS 0x00000000e8000000, 0x00000000e8000000| Untracked 
| 129|0x00000000e8100000, 0x00000000e8100000, 0x00000000e8200000|  0%| F|  |TAMS 0x00000000e8100000, 0x00000000e8100000| Untracked 
| 130|0x00000000e8200000, 0x00000000e8200000, 0x00000000e8300000|  0%| F|  |TAMS 0x00000000e8200000, 0x00000000e8200000| Untracked 
| 131|0x00000000e8300000, 0x00000000e8300000, 0x00000000e8400000|  0%| F|  |TAMS 0x00000000e8300000, 0x00000000e8300000| Untracked 
| 132|0x00000000e8400000, 0x00000000e8400000, 0x00000000e8500000|  0%| F|  |TAMS 0x00000000e8400000, 0x00000000e8400000| Untracked 
| 133|0x00000000e8500000, 0x00000000e8500000, 0x00000000e8600000|  0%| F|  |TAMS 0x00000000e8500000, 0x00000000e8500000| Untracked 
| 134|0x00000000e8600000, 0x00000000e8600000, 0x00000000e8700000|  0%| F|  |TAMS 0x00000000e8600000, 0x00000000e8600000| Untracked 
| 135|0x00000000e8700000, 0x00000000e8700000, 0x00000000e8800000|  0%| F|  |TAMS 0x00000000e8700000, 0x00000000e8700000| Untracked 
| 136|0x00000000e8800000, 0x00000000e8800000, 0x00000000e8900000|  0%| F|  |TAMS 0x00000000e8800000, 0x00000000e8800000| Untracked 
| 137|0x00000000e8900000, 0x00000000e8900000, 0x00000000e8a00000|  0%| F|  |TAMS 0x00000000e8900000, 0x00000000e8900000| Untracked 
| 138|0x00000000e8a00000, 0x00000000e8a00000, 0x00000000e8b00000|  0%| F|  |TAMS 0x00000000e8a00000, 0x00000000e8a00000| Untracked 
| 139|0x00000000e8b00000, 0x00000000e8b00000, 0x00000000e8c00000|  0%| F|  |TAMS 0x00000000e8b00000, 0x00000000e8b00000| Untracked 
| 140|0x00000000e8c00000, 0x00000000e8c00000, 0x00000000e8d00000|  0%| F|  |TAMS 0x00000000e8c00000, 0x00000000e8c00000| Untracked 
| 141|0x00000000e8d00000, 0x00000000e8d00000, 0x00000000e8e00000|  0%| F|  |TAMS 0x00000000e8d00000, 0x00000000e8d00000| Untracked 
| 142|0x00000000e8e00000, 0x00000000e8e00000, 0x00000000e8f00000|  0%| F|  |TAMS 0x00000000e8e00000, 0x00000000e8e00000| Untracked 
| 143|0x00000000e8f00000, 0x00000000e8f00000, 0x00000000e9000000|  0%| F|  |TAMS 0x00000000e8f00000, 0x00000000e8f00000| Untracked 
| 144|0x00000000e9000000, 0x00000000e9000000, 0x00000000e9100000|  0%| F|  |TAMS 0x00000000e9000000, 0x00000000e9000000| Untracked 
| 145|0x00000000e9100000, 0x00000000e9100000, 0x00000000e9200000|  0%| F|  |TAMS 0x00000000e9100000, 0x00000000e9100000| Untracked 
| 146|0x00000000e9200000, 0x00000000e9200000, 0x00000000e9300000|  0%| F|  |TAMS 0x00000000e9200000, 0x00000000e9200000| Untracked 
| 147|0x00000000e9300000, 0x00000000e9300000, 0x00000000e9400000|  0%| F|  |TAMS 0x00000000e9300000, 0x00000000e9300000| Untracked 
| 148|0x00000000e9400000, 0x00000000e9400000, 0x00000000e9500000|  0%| F|  |TAMS 0x00000000e9400000, 0x00000000e9400000| Untracked 
| 149|0x00000000e9500000, 0x00000000e9500000, 0x00000000e9600000|  0%| F|  |TAMS 0x00000000e9500000, 0x00000000e9500000| Untracked 
| 150|0x00000000e9600000, 0x00000000e9600000, 0x00000000e9700000|  0%| F|  |TAMS 0x00000000e9600000, 0x00000000e9600000| Untracked 
| 151|0x00000000e9700000, 0x00000000e9700000, 0x00000000e9800000|  0%| F|  |TAMS 0x00000000e9700000, 0x00000000e9700000| Untracked 
| 152|0x00000000e9800000, 0x00000000e9800000, 0x00000000e9900000|  0%| F|  |TAMS 0x00000000e9800000, 0x00000000e9800000| Untracked 
| 153|0x00000000e9900000, 0x00000000e9900000, 0x00000000e9a00000|  0%| F|  |TAMS 0x00000000e9900000, 0x00000000e9900000| Untracked 
| 154|0x00000000e9a00000, 0x00000000e9a00000, 0x00000000e9b00000|  0%| F|  |TAMS 0x00000000e9a00000, 0x00000000e9a00000| Untracked 
| 155|0x00000000e9b00000, 0x00000000e9b00000, 0x00000000e9c00000|  0%| F|  |TAMS 0x00000000e9b00000, 0x00000000e9b00000| Untracked 
| 156|0x00000000e9c00000, 0x00000000e9c00000, 0x00000000e9d00000|  0%| F|  |TAMS 0x00000000e9c00000, 0x00000000e9c00000| Untracked 
| 157|0x00000000e9d00000, 0x00000000e9d00000, 0x00000000e9e00000|  0%| F|  |TAMS 0x00000000e9d00000, 0x00000000e9d00000| Untracked 
| 158|0x00000000e9e00000, 0x00000000e9e00000, 0x00000000e9f00000|  0%| F|  |TAMS 0x00000000e9e00000, 0x00000000e9e00000| Untracked 
| 159|0x00000000e9f00000, 0x00000000e9f00000, 0x00000000ea000000|  0%| F|  |TAMS 0x00000000e9f00000, 0x00000000e9f00000| Untracked 
| 160|0x00000000ea000000, 0x00000000ea000000, 0x00000000ea100000|  0%| F|  |TAMS 0x00000000ea000000, 0x00000000ea000000| Untracked 
| 161|0x00000000ea100000, 0x00000000ea100000, 0x00000000ea200000|  0%| F|  |TAMS 0x00000000ea100000, 0x00000000ea100000| Untracked 
| 162|0x00000000ea200000, 0x00000000ea200000, 0x00000000ea300000|  0%| F|  |TAMS 0x00000000ea200000, 0x00000000ea200000| Untracked 
| 163|0x00000000ea300000, 0x00000000ea300000, 0x00000000ea400000|  0%| F|  |TAMS 0x00000000ea300000, 0x00000000ea300000| Untracked 
| 164|0x00000000ea400000, 0x00000000ea400000, 0x00000000ea500000|  0%| F|  |TAMS 0x00000000ea400000, 0x00000000ea400000| Untracked 
| 165|0x00000000ea500000, 0x00000000ea500000, 0x00000000ea600000|  0%| F|  |TAMS 0x00000000ea500000, 0x00000000ea500000| Untracked 
| 166|0x00000000ea600000, 0x00000000ea600000, 0x00000000ea700000|  0%| F|  |TAMS 0x00000000ea600000, 0x00000000ea600000| Untracked 
| 167|0x00000000ea700000, 0x00000000ea700000, 0x00000000ea800000|  0%| F|  |TAMS 0x00000000ea700000, 0x00000000ea700000| Untracked 
| 168|0x00000000ea800000, 0x00000000ea800000, 0x00000000ea900000|  0%| F|  |TAMS 0x00000000ea800000, 0x00000000ea800000| Untracked 
| 169|0x00000000ea900000, 0x00000000ea900000, 0x00000000eaa00000|  0%| F|  |TAMS 0x00000000ea900000, 0x00000000ea900000| Untracked 
| 170|0x00000000eaa00000, 0x00000000eaa00000, 0x00000000eab00000|  0%| F|  |TAMS 0x00000000eaa00000, 0x00000000eaa00000| Untracked 
| 171|0x00000000eab00000, 0x00000000eab00000, 0x00000000eac00000|  0%| F|  |TAMS 0x00000000eab00000, 0x00000000eab00000| Untracked 
| 172|0x00000000eac00000, 0x00000000eac00000, 0x00000000ead00000|  0%| F|  |TAMS 0x00000000eac00000, 0x00000000eac00000| Untracked 
| 173|0x00000000ead00000, 0x00000000ead00000, 0x00000000eae00000|  0%| F|  |TAMS 0x00000000ead00000, 0x00000000ead00000| Untracked 
| 174|0x00000000eae00000, 0x00000000eae00000, 0x00000000eaf00000|  0%| F|  |TAMS 0x00000000eae00000, 0x00000000eae00000| Untracked 
| 175|0x00000000eaf00000, 0x00000000eaf5a0c0, 0x00000000eb000000| 35%| S|CS|TAMS 0x00000000eaf00000, 0x00000000eaf00000| Complete 
| 176|0x00000000eb000000, 0x00000000eb100000, 0x00000000eb100000|100%| S|CS|TAMS 0x00000000eb000000, 0x00000000eb000000| Complete 
| 177|0x00000000eb100000, 0x00000000eb200000, 0x00000000eb200000|100%| S|CS|TAMS 0x00000000eb100000, 0x00000000eb100000| Complete 
| 178|0x00000000eb200000, 0x00000000eb300000, 0x00000000eb300000|100%| S|CS|TAMS 0x00000000eb200000, 0x00000000eb200000| Complete 
| 179|0x00000000eb300000, 0x00000000eb400000, 0x00000000eb400000|100%| S|CS|TAMS 0x00000000eb300000, 0x00000000eb300000| Complete 
| 180|0x00000000eb400000, 0x00000000eb500000, 0x00000000eb500000|100%| S|CS|TAMS 0x00000000eb400000, 0x00000000eb400000| Complete 
| 181|0x00000000eb500000, 0x00000000eb600000, 0x00000000eb600000|100%| S|CS|TAMS 0x00000000eb500000, 0x00000000eb500000| Complete 
| 182|0x00000000eb600000, 0x00000000eb600000, 0x00000000eb700000|  0%| F|  |TAMS 0x00000000eb600000, 0x00000000eb600000| Untracked 
| 183|0x00000000eb700000, 0x00000000eb700000, 0x00000000eb800000|  0%| F|  |TAMS 0x00000000eb700000, 0x00000000eb700000| Untracked 
| 184|0x00000000eb800000, 0x00000000eb800000, 0x00000000eb900000|  0%| F|  |TAMS 0x00000000eb800000, 0x00000000eb800000| Untracked 
| 185|0x00000000eb900000, 0x00000000eb900000, 0x00000000eba00000|  0%| F|  |TAMS 0x00000000eb900000, 0x00000000eb900000| Untracked 
| 186|0x00000000eba00000, 0x00000000eba00000, 0x00000000ebb00000|  0%| F|  |TAMS 0x00000000eba00000, 0x00000000eba00000| Untracked 
| 187|0x00000000ebb00000, 0x00000000ebb00000, 0x00000000ebc00000|  0%| F|  |TAMS 0x00000000ebb00000, 0x00000000ebb00000| Untracked 
| 188|0x00000000ebc00000, 0x00000000ebc00000, 0x00000000ebd00000|  0%| F|  |TAMS 0x00000000ebc00000, 0x00000000ebc00000| Untracked 
| 189|0x00000000ebd00000, 0x00000000ebd00000, 0x00000000ebe00000|  0%| F|  |TAMS 0x00000000ebd00000, 0x00000000ebd00000| Untracked 
| 190|0x00000000ebe00000, 0x00000000ebe00000, 0x00000000ebf00000|  0%| F|  |TAMS 0x00000000ebe00000, 0x00000000ebe00000| Untracked 
| 191|0x00000000ebf00000, 0x00000000ebf00000, 0x00000000ec000000|  0%| F|  |TAMS 0x00000000ebf00000, 0x00000000ebf00000| Untracked 
| 192|0x00000000ec000000, 0x00000000ec086320, 0x00000000ec100000| 52%| E|  |TAMS 0x00000000ec000000, 0x00000000ec000000| Complete 
| 193|0x00000000ec100000, 0x00000000ec200000, 0x00000000ec200000|100%| E|CS|TAMS 0x00000000ec100000, 0x00000000ec100000| Complete 
| 194|0x00000000ec200000, 0x00000000ec300000, 0x00000000ec300000|100%| E|CS|TAMS 0x00000000ec200000, 0x00000000ec200000| Complete 
| 195|0x00000000ec300000, 0x00000000ec400000, 0x00000000ec400000|100%| E|CS|TAMS 0x00000000ec300000, 0x00000000ec300000| Complete 
| 196|0x00000000ec400000, 0x00000000ec500000, 0x00000000ec500000|100%| E|CS|TAMS 0x00000000ec400000, 0x00000000ec400000| Complete 
| 197|0x00000000ec500000, 0x00000000ec600000, 0x00000000ec600000|100%| E|CS|TAMS 0x00000000ec500000, 0x00000000ec500000| Complete 
| 198|0x00000000ec600000, 0x00000000ec700000, 0x00000000ec700000|100%| E|CS|TAMS 0x00000000ec600000, 0x00000000ec600000| Complete 
| 199|0x00000000ec700000, 0x00000000ec800000, 0x00000000ec800000|100%| E|CS|TAMS 0x00000000ec700000, 0x00000000ec700000| Complete 
| 200|0x00000000ec800000, 0x00000000ec900000, 0x00000000ec900000|100%| E|CS|TAMS 0x00000000ec800000, 0x00000000ec800000| Complete 
| 201|0x00000000ec900000, 0x00000000eca00000, 0x00000000eca00000|100%| E|CS|TAMS 0x00000000ec900000, 0x00000000ec900000| Complete 
| 202|0x00000000eca00000, 0x00000000ecb00000, 0x00000000ecb00000|100%| E|CS|TAMS 0x00000000eca00000, 0x00000000eca00000| Complete 
| 203|0x00000000ecb00000, 0x00000000ecc00000, 0x00000000ecc00000|100%| E|CS|TAMS 0x00000000ecb00000, 0x00000000ecb00000| Complete 
| 204|0x00000000ecc00000, 0x00000000ecd00000, 0x00000000ecd00000|100%| E|CS|TAMS 0x00000000ecc00000, 0x00000000ecc00000| Complete 
| 205|0x00000000ecd00000, 0x00000000ece00000, 0x00000000ece00000|100%| E|CS|TAMS 0x00000000ecd00000, 0x00000000ecd00000| Complete 
| 206|0x00000000ece00000, 0x00000000ecf00000, 0x00000000ecf00000|100%| E|CS|TAMS 0x00000000ece00000, 0x00000000ece00000| Complete 
| 207|0x00000000ecf00000, 0x00000000ed000000, 0x00000000ed000000|100%| E|CS|TAMS 0x00000000ecf00000, 0x00000000ecf00000| Complete 
| 208|0x00000000ed000000, 0x00000000ed100000, 0x00000000ed100000|100%| E|CS|TAMS 0x00000000ed000000, 0x00000000ed000000| Complete 
| 209|0x00000000ed100000, 0x00000000ed200000, 0x00000000ed200000|100%| E|CS|TAMS 0x00000000ed100000, 0x00000000ed100000| Complete 
| 210|0x00000000ed200000, 0x00000000ed300000, 0x00000000ed300000|100%| E|CS|TAMS 0x00000000ed200000, 0x00000000ed200000| Complete 
| 211|0x00000000ed300000, 0x00000000ed400000, 0x00000000ed400000|100%| E|CS|TAMS 0x00000000ed300000, 0x00000000ed300000| Complete 
| 212|0x00000000ed400000, 0x00000000ed500000, 0x00000000ed500000|100%| E|CS|TAMS 0x00000000ed400000, 0x00000000ed400000| Complete 
| 213|0x00000000ed500000, 0x00000000ed600000, 0x00000000ed600000|100%| E|CS|TAMS 0x00000000ed500000, 0x00000000ed500000| Complete 
| 214|0x00000000ed600000, 0x00000000ed700000, 0x00000000ed700000|100%| E|CS|TAMS 0x00000000ed600000, 0x00000000ed600000| Complete 
| 215|0x00000000ed700000, 0x00000000ed800000, 0x00000000ed800000|100%| E|CS|TAMS 0x00000000ed700000, 0x00000000ed700000| Complete 
| 216|0x00000000ed800000, 0x00000000ed900000, 0x00000000ed900000|100%| E|CS|TAMS 0x00000000ed800000, 0x00000000ed800000| Complete 
| 217|0x00000000ed900000, 0x00000000eda00000, 0x00000000eda00000|100%| E|CS|TAMS 0x00000000ed900000, 0x00000000ed900000| Complete 
| 218|0x00000000eda00000, 0x00000000edb00000, 0x00000000edb00000|100%| E|CS|TAMS 0x00000000eda00000, 0x00000000eda00000| Complete 
| 219|0x00000000edb00000, 0x00000000edc00000, 0x00000000edc00000|100%| E|CS|TAMS 0x00000000edb00000, 0x00000000edb00000| Complete 
| 220|0x00000000edc00000, 0x00000000edd00000, 0x00000000edd00000|100%| E|CS|TAMS 0x00000000edc00000, 0x00000000edc00000| Complete 
| 221|0x00000000edd00000, 0x00000000ede00000, 0x00000000ede00000|100%| E|CS|TAMS 0x00000000edd00000, 0x00000000edd00000| Complete 
| 222|0x00000000ede00000, 0x00000000edf00000, 0x00000000edf00000|100%| E|CS|TAMS 0x00000000ede00000, 0x00000000ede00000| Complete 
| 223|0x00000000edf00000, 0x00000000ee000000, 0x00000000ee000000|100%| E|CS|TAMS 0x00000000edf00000, 0x00000000edf00000| Complete 
| 224|0x00000000ee000000, 0x00000000ee100000, 0x00000000ee100000|100%| E|CS|TAMS 0x00000000ee000000, 0x00000000ee000000| Complete 
| 225|0x00000000ee100000, 0x00000000ee200000, 0x00000000ee200000|100%| E|CS|TAMS 0x00000000ee100000, 0x00000000ee100000| Complete 
| 226|0x00000000ee200000, 0x00000000ee300000, 0x00000000ee300000|100%| E|CS|TAMS 0x00000000ee200000, 0x00000000ee200000| Complete 
| 227|0x00000000ee300000, 0x00000000ee400000, 0x00000000ee400000|100%| E|CS|TAMS 0x00000000ee300000, 0x00000000ee300000| Complete 
| 228|0x00000000ee400000, 0x00000000ee500000, 0x00000000ee500000|100%| E|CS|TAMS 0x00000000ee400000, 0x00000000ee400000| Complete 
| 229|0x00000000ee500000, 0x00000000ee600000, 0x00000000ee600000|100%| E|CS|TAMS 0x00000000ee500000, 0x00000000ee500000| Complete 
| 230|0x00000000ee600000, 0x00000000ee700000, 0x00000000ee700000|100%| E|CS|TAMS 0x00000000ee600000, 0x00000000ee600000| Complete 
| 231|0x00000000ee700000, 0x00000000ee800000, 0x00000000ee800000|100%| E|CS|TAMS 0x00000000ee700000, 0x00000000ee700000| Complete 
| 232|0x00000000ee800000, 0x00000000ee900000, 0x00000000ee900000|100%| E|CS|TAMS 0x00000000ee800000, 0x00000000ee800000| Complete 
| 233|0x00000000ee900000, 0x00000000eea00000, 0x00000000eea00000|100%| E|CS|TAMS 0x00000000ee900000, 0x00000000ee900000| Complete 
| 234|0x00000000eea00000, 0x00000000eeb00000, 0x00000000eeb00000|100%| E|CS|TAMS 0x00000000eea00000, 0x00000000eea00000| Complete 
| 235|0x00000000eeb00000, 0x00000000eec00000, 0x00000000eec00000|100%| E|CS|TAMS 0x00000000eeb00000, 0x00000000eeb00000| Complete 
| 236|0x00000000eec00000, 0x00000000eed00000, 0x00000000eed00000|100%| E|CS|TAMS 0x00000000eec00000, 0x00000000eec00000| Complete 
| 237|0x00000000eed00000, 0x00000000eee00000, 0x00000000eee00000|100%| E|CS|TAMS 0x00000000eed00000, 0x00000000eed00000| Complete 
| 238|0x00000000eee00000, 0x00000000eef00000, 0x00000000eef00000|100%| E|CS|TAMS 0x00000000eee00000, 0x00000000eee00000| Complete 
| 239|0x00000000eef00000, 0x00000000ef000000, 0x00000000ef000000|100%| E|CS|TAMS 0x00000000eef00000, 0x00000000eef00000| Complete 
| 240|0x00000000ef000000, 0x00000000ef100000, 0x00000000ef100000|100%| E|CS|TAMS 0x00000000ef000000, 0x00000000ef000000| Complete 
| 241|0x00000000ef100000, 0x00000000ef200000, 0x00000000ef200000|100%| E|CS|TAMS 0x00000000ef100000, 0x00000000ef100000| Complete 
| 242|0x00000000ef200000, 0x00000000ef300000, 0x00000000ef300000|100%| E|CS|TAMS 0x00000000ef200000, 0x00000000ef200000| Complete 
| 243|0x00000000ef300000, 0x00000000ef400000, 0x00000000ef400000|100%| E|CS|TAMS 0x00000000ef300000, 0x00000000ef300000| Complete 
| 244|0x00000000ef400000, 0x00000000ef500000, 0x00000000ef500000|100%| E|CS|TAMS 0x00000000ef400000, 0x00000000ef400000| Complete 
| 245|0x00000000ef500000, 0x00000000ef600000, 0x00000000ef600000|100%| E|CS|TAMS 0x00000000ef500000, 0x00000000ef500000| Complete 
| 246|0x00000000ef600000, 0x00000000ef700000, 0x00000000ef700000|100%| E|CS|TAMS 0x00000000ef600000, 0x00000000ef600000| Complete 
| 247|0x00000000ef700000, 0x00000000ef800000, 0x00000000ef800000|100%| E|CS|TAMS 0x00000000ef700000, 0x00000000ef700000| Complete 
| 248|0x00000000ef800000, 0x00000000ef900000, 0x00000000ef900000|100%| E|CS|TAMS 0x00000000ef800000, 0x00000000ef800000| Complete 
| 249|0x00000000ef900000, 0x00000000efa00000, 0x00000000efa00000|100%| E|CS|TAMS 0x00000000ef900000, 0x00000000ef900000| Complete 
| 250|0x00000000efa00000, 0x00000000efb00000, 0x00000000efb00000|100%| E|CS|TAMS 0x00000000efa00000, 0x00000000efa00000| Complete 
| 251|0x00000000efb00000, 0x00000000efc00000, 0x00000000efc00000|100%| E|CS|TAMS 0x00000000efb00000, 0x00000000efb00000| Complete 
| 252|0x00000000efc00000, 0x00000000efd00000, 0x00000000efd00000|100%| E|CS|TAMS 0x00000000efc00000, 0x00000000efc00000| Complete 
| 253|0x00000000efd00000, 0x00000000efe00000, 0x00000000efe00000|100%| E|CS|TAMS 0x00000000efd00000, 0x00000000efd00000| Complete 

Card table byte_map: [0x000001d4f92a0000,0x000001d4f93a0000] _byte_map_base: 0x000001d4f8ba0000

Marking Bits (Prev, Next): (CMBitMap*) 0x000001d4e1b8bd78, (CMBitMap*) 0x000001d4e1b8bdb0
 Prev Bits: [0x000001d4f94a0000, 0x000001d4f9ca0000)
 Next Bits: [0x000001d4f9ca0000, 0x000001d4fa4a0000)

Polling page: 0x000001d4e1290000

Metaspace:

Usage:
  Non-class:     36.55 MB capacity,    36.09 MB ( 99%) used,   404.56 KB (  1%) free+waste,    61.19 KB ( <1%) overhead. 
      Class:      5.53 MB capacity,     5.28 MB ( 95%) used,   235.13 KB (  4%) free+waste,    27.75 KB ( <1%) overhead. 
       Both:     42.08 MB capacity,    41.37 MB ( 98%) used,   639.70 KB (  1%) free+waste,    88.94 KB ( <1%) overhead. 

Virtual space:
  Non-class space:       38.00 MB reserved,      36.75 MB ( 97%) committed 
      Class space:      248.00 MB reserved,       5.63 MB (  2%) committed 
             Both:      286.00 MB reserved,      42.38 MB ( 15%) committed 

Chunk freelists:
   Non-Class:  1.75 KB
       Class:  3.75 KB
        Both:  5.50 KB

CodeHeap 'non-profiled nmethods': size=120000Kb used=1819Kb max_used=1819Kb free=118181Kb
 bounds [0x000001d4f1940000, 0x000001d4f1bb0000, 0x000001d4f8e70000]
CodeHeap 'profiled nmethods': size=120000Kb used=7174Kb max_used=7174Kb free=112825Kb
 bounds [0x000001d4ea410000, 0x000001d4eab20000, 0x000001d4f1940000]
CodeHeap 'non-nmethods': size=5760Kb used=2206Kb max_used=2254Kb free=3554Kb
 bounds [0x000001d4e9e70000, 0x000001d4ea0e0000, 0x000001d4ea410000]
 total_blobs=5074 nmethods=3284 adapters=674
 compilation: enabled
              stopped_count=0, restarted_count=0
 full_count=0

Compilation events (10 events):
Event: 7.246 Thread 0x000001d4fd868000 3393       3       sun.reflect.generics.tree.TypeVariableSignature::<init> (10 bytes)
Event: 7.246 Thread 0x000001d4fd868000 nmethod 3393 0x000001d4eaae3190 code [0x000001d4eaae3340, 0x000001d4eaae3558]
Event: 7.246 Thread 0x000001d4fd868000 3395       3       com.google.common.collect.ImmutableList::copyOf (32 bytes)
Event: 7.246 Thread 0x000001d4fd868000 nmethod 3395 0x000001d4eaae3610 code [0x000001d4eaae3820, 0x000001d4eaae3e40]
Event: 7.247 Thread 0x000001d4fd868000 3397       3       java.lang.StringBuilder::append (6 bytes)
Event: 7.247 Thread 0x000001d4fd868000 nmethod 3397 0x000001d4eaae3f90 code [0x000001d4eaae4160, 0x000001d4eaae4370]
Event: 7.247 Thread 0x000001d4fd868000 3396       1       org.apache.commons.lang.builder.EqualsBuilder::isEquals (5 bytes)
Event: 7.247 Thread 0x000001d4fd868000 nmethod 3396 0x000001d4f1afe090 code [0x000001d4f1afe240, 0x000001d4f1afe358]
Event: 7.249 Thread 0x000001d48024a000 nmethod 3335 0x000001d4f1afe410 code [0x000001d4f1afe620, 0x000001d4f1aff348]
Event: 7.249 Thread 0x000001d48024a000 3390       4       java.util.LinkedHashMap::afterNodeInsertion (40 bytes)

GC Heap History (8 events):
Event: 0.996 GC heap before
{Heap before GC invocations=0 (full 0):
 garbage-first heap   total 260096K, used 26624K [0x00000000e0000000, 0x0000000100000000)
  region size 1024K, 24 young (24576K), 0 survivors (0K)
 Metaspace       used 10248K, capacity 10484K, committed 10752K, reserved 264192K
  class space    used 1075K, capacity 1157K, committed 1280K, reserved 253952K
}
Event: 1.005 GC heap after
{Heap after GC invocations=1 (full 0):
 garbage-first heap   total 260096K, used 7499K [0x00000000e0000000, 0x0000000100000000)
  region size 1024K, 3 young (3072K), 3 survivors (3072K)
 Metaspace       used 10248K, capacity 10484K, committed 10752K, reserved 264192K
  class space    used 1075K, capacity 1157K, committed 1280K, reserved 253952K
}
Event: 3.417 GC heap before
{Heap before GC invocations=1 (full 0):
 garbage-first heap   total 260096K, used 79179K [0x00000000e0000000, 0x0000000100000000)
  region size 1024K, 75 young (76800K), 3 survivors (3072K)
 Metaspace       used 20829K, capacity 21184K, committed 21248K, reserved 272384K
  class space    used 2623K, capacity 2753K, committed 2816K, reserved 253952K
}
Event: 3.433 GC heap after
{Heap after GC invocations=2 (full 0):
 garbage-first heap   total 260096K, used 14783K [0x00000000e0000000, 0x0000000100000000)
  region size 1024K, 11 young (11264K), 11 survivors (11264K)
 Metaspace       used 20829K, capacity 21184K, committed 21248K, reserved 272384K
  class space    used 2623K, capacity 2753K, committed 2816K, reserved 253952K
}
Event: 4.136 GC heap before
{Heap before GC invocations=3 (full 0):
 garbage-first heap   total 260096K, used 42431K [0x00000000e0000000, 0x0000000100000000)
  region size 1024K, 38 young (38912K), 11 survivors (11264K)
 Metaspace       used 25829K, capacity 26292K, committed 26496K, reserved 278528K
  class space    used 3232K, capacity 3432K, committed 3456K, reserved 253952K
}
Event: 4.144 GC heap after
{Heap after GC invocations=4 (full 0):
 garbage-first heap   total 260096K, used 16956K [0x00000000e0000000, 0x0000000100000000)
  region size 1024K, 3 young (3072K), 3 survivors (3072K)
 Metaspace       used 25829K, capacity 26292K, committed 26496K, reserved 278528K
  class space    used 3232K, capacity 3432K, committed 3456K, reserved 253952K
}
Event: 5.935 GC heap before
{Heap before GC invocations=4 (full 0):
 garbage-first heap   total 260096K, used 88636K [0x00000000e0000000, 0x0000000100000000)
  region size 1024K, 72 young (73728K), 3 survivors (3072K)
 Metaspace       used 35317K, capacity 35820K, committed 35840K, reserved 286720K
  class space    used 4411K, capacity 4601K, committed 4608K, reserved 253952K
}
Event: 5.954 GC heap after
{Heap after GC invocations=5 (full 0):
 garbage-first heap   total 260096K, used 21111K [0x00000000e0000000, 0x0000000100000000)
  region size 1024K, 7 young (7168K), 7 survivors (7168K)
 Metaspace       used 35317K, capacity 35820K, committed 35840K, reserved 286720K
  class space    used 4411K, capacity 4601K, committed 4608K, reserved 253952K
}

Deoptimization events (10 events):
Event: 6.154 Thread 0x000001d4ff196800 Uncommon trap: reason=unstable_if action=reinterpret pc=0x000001d4f1a83c40 method=java.util.regex.Pattern$BmpCharProperty.match(Ljava/util/regex/Matcher;ILjava/lang/CharSequence;)Z @ 39 c2
Event: 6.221 Thread 0x000001d4ff196800 Uncommon trap: reason=speculate_class_check action=maybe_recompile pc=0x000001d4f1a8f984 method=java.lang.reflect.Executable.declaredAnnotations()Ljava/util/Map; @ 23 c2
Event: 6.241 Thread 0x000001d4ff196800 Uncommon trap: reason=speculate_class_check action=maybe_recompile pc=0x000001d4f1a8f984 method=java.lang.reflect.Executable.declaredAnnotations()Ljava/util/Map; @ 23 c2
Event: 6.251 Thread 0x000001d4ff196800 Uncommon trap: reason=unstable_if action=reinterpret pc=0x000001d4f19832dc method=java.net.URI.match(CJJ)Z @ 45 c2
Event: 6.252 Thread 0x000001d4ff196800 Uncommon trap: reason=unstable_if action=reinterpret pc=0x000001d4f1956fe8 method=java.net.URI.match(CJJ)Z @ 19 c2
Event: 6.291 Thread 0x000001d4ff196800 Uncommon trap: reason=speculate_class_check action=maybe_recompile pc=0x000001d4f1a8f984 method=java.lang.reflect.Executable.declaredAnnotations()Ljava/util/Map; @ 23 c2
Event: 6.567 Thread 0x000001d4ff196800 Uncommon trap: reason=speculate_class_check action=maybe_recompile pc=0x000001d4f1a8f984 method=java.lang.reflect.Executable.declaredAnnotations()Ljava/util/Map; @ 23 c2
Event: 6.969 Thread 0x000001d4ff196800 Uncommon trap: reason=intrinsic_or_type_checked_inlining action=make_not_entrant pc=0x000001d4f1ac0584 method=java.util.Arrays.copyOf([Ljava/lang/Object;ILjava/lang/Class;)[Ljava/lang/Object; @ 35 c2
Event: 7.142 Thread 0x000001d4ff196800 Uncommon trap: reason=predicate action=maybe_recompile pc=0x000001d4f1aeac18 method=java.util.Arrays.binarySearch0([Ljava/lang/Object;IILjava/lang/Object;Ljava/util/Comparator;)I @ 25 c2
Event: 7.231 Thread 0x000001d4ff196800 Uncommon trap: reason=unstable_if action=reinterpret pc=0x000001d4f1a892f8 method=java.util.ArrayDeque.addLast(Ljava/lang/Object;)V @ 42 c2

Classes redefined (0 events):
No events

Internal exceptions (10 events):
Event: 7.002 Thread 0x000001d4ff196800 Exception <a 'java/lang/ClassNotFoundException'{0x00000000ed008f00}: jaci/gradle/EmbeddedToolsBeanInfo> (0x00000000ed008f00) thrown at [t:/workspace/open/src/hotspot/share/classfile/systemDictionary.cpp, line 231]
Event: 7.003 Thread 0x000001d4ff196800 Exception <a 'java/lang/ClassNotFoundException'{0x00000000ed011360}: jaci/gradle/EmbeddedToolsCustomizer> (0x00000000ed011360) thrown at [t:/workspace/open/src/hotspot/share/classfile/systemDictionary.cpp, line 231]
Event: 7.021 Thread 0x000001d4ff196800 Exception <a 'java/lang/ClassNotFoundException'{0x00000000ed0ba4b0}: jaci/gradle/EmbeddedTools$ProjectWrapper_DecoratedBeanInfo> (0x00000000ed0ba4b0) thrown at [t:/workspace/open/src/hotspot/share/classfile/systemDictionary.cpp, line 231]
Event: 7.022 Thread 0x000001d4ff196800 Exception <a 'java/lang/ClassNotFoundException'{0x00000000ed0c2d40}: jaci/gradle/EmbeddedTools$ProjectWrapperBeanInfo> (0x00000000ed0c2d40) thrown at [t:/workspace/open/src/hotspot/share/classfile/systemDictionary.cpp, line 231]
Event: 7.022 Thread 0x000001d4ff196800 Exception <a 'java/lang/ClassNotFoundException'{0x00000000ed0cb4d0}: jaci/gradle/EmbeddedTools$ProjectWrapperCustomizer> (0x00000000ed0cb4d0) thrown at [t:/workspace/open/src/hotspot/share/classfile/systemDictionary.cpp, line 231]
Event: 7.023 Thread 0x000001d4ff196800 Exception <a 'java/lang/ClassNotFoundException'{0x00000000ed0df590}: jaci/gradle/EmbeddedTools$ProjectWrapper_DecoratedCustomizer> (0x00000000ed0df590) thrown at [t:/workspace/open/src/hotspot/share/classfile/systemDictionary.cpp, line 231]
Event: 7.028 Thread 0x000001d4ff196800 Exception <a 'java/lang/ClassNotFoundException'{0x00000000ecf20af8}: jaci/gradle/log/ETLoggerFactoryBeanInfo> (0x00000000ecf20af8) thrown at [t:/workspace/open/src/hotspot/share/classfile/systemDictionary.cpp, line 231]
Event: 7.028 Thread 0x000001d4ff196800 Exception <a 'java/lang/ClassNotFoundException'{0x00000000ecf28fd8}: jaci/gradle/log/ETLoggerFactoryCustomizer> (0x00000000ecf28fd8) thrown at [t:/workspace/open/src/hotspot/share/classfile/systemDictionary.cpp, line 231]
Event: 7.036 Thread 0x000001d4ff196800 Exception <a 'java/lang/ClassNotFoundException'{0x00000000ecf70f08}: jaci/gradle/deploy/DeployPluginBeanInfo> (0x00000000ecf70f08) thrown at [t:/workspace/open/src/hotspot/share/classfile/systemDictionary.cpp, line 231]
Event: 7.037 Thread 0x000001d4ff196800 Exception <a 'java/lang/ClassNotFoundException'{0x00000000ecf79be8}: jaci/gradle/deploy/DeployPluginCustomizer> (0x00000000ecf79be8) thrown at [t:/workspace/open/src/hotspot/share/classfile/systemDictionary.cpp, line 231]

Events (10 events):
Event: 7.247 loading class org/apache/tools/ant/BuildLogger
Event: 7.247 loading class org/apache/tools/ant/BuildLogger done
Event: 7.247 loading class org/apache/tools/ant/BuildListener
Event: 7.247 loading class org/apache/tools/ant/BuildListener done
Event: 7.248 loading class org/apache/tools/ant/DemuxInputStream
Event: 7.248 loading class org/apache/tools/ant/DemuxInputStream done
Event: 7.249 loading class org/apache/tools/ant/DemuxOutputStream
Event: 7.249 loading class org/apache/tools/ant/DemuxOutputStream done
Event: 7.249 loading class org/xml/sax/Attributes
Event: 7.250 loading class org/xml/sax/Attributes done


Dynamic libraries:
0x00007ff6f4ce0000 - 0x00007ff6f4d25000 	C:\Users\Public\frc2019\jdk\bin\java.exe
0x00007ffccbb90000 - 0x00007ffccbd71000 	C:\Windows\SYSTEM32\ntdll.dll
0x00007ffccaf80000 - 0x00007ffccb031000 	C:\Windows\System32\KERNEL32.DLL
0x00007ffcc88c0000 - 0x00007ffcc8b33000 	C:\Windows\System32\KERNELBASE.dll
0x00007ffccb040000 - 0x00007ffccb1d0000 	C:\Windows\System32\USER32.dll
0x00007ffcc7fc0000 - 0x00007ffcc7fe0000 	C:\Windows\System32\win32u.dll
0x00007ffcca9f0000 - 0x00007ffccaa18000 	C:\Windows\System32\GDI32.dll
0x00007ffcc8e80000 - 0x00007ffcc9012000 	C:\Windows\System32\gdi32full.dll
0x00007ffcc8060000 - 0x00007ffcc80ff000 	C:\Windows\System32\msvcp_win.dll
0x00007ffcc8b40000 - 0x00007ffcc8c38000 	C:\Windows\System32\ucrtbase.dll
0x00007ffcafd80000 - 0x00007ffcaffe9000 	C:\Windows\WinSxS\amd64_microsoft.windows.common-controls_6595b64144ccf1df_6.0.17134.765_none_fb42a1a930655896\COMCTL32.dll
0x00007ffccb430000 - 0x00007ffccb4ce000 	C:\Windows\System32\msvcrt.dll
0x00007ffcc9030000 - 0x00007ffcc9352000 	C:\Windows\System32\combase.dll
0x00007ffccb5d0000 - 0x00007ffccb6f4000 	C:\Windows\System32\RPCRT4.dll
0x00007ffcc7fe0000 - 0x00007ffcc805a000 	C:\Windows\System32\bcryptPrimitives.dll
0x00007ffccba90000 - 0x00007ffccbabd000 	C:\Windows\System32\IMM32.DLL
0x00007ffcae6f0000 - 0x00007ffcae706000 	C:\Users\Public\frc2019\jdk\bin\vcruntime140.dll
0x00007ffc8cac0000 - 0x00007ffc8cb5b000 	C:\Users\Public\frc2019\jdk\bin\msvcp140.dll
0x00007ffc86e40000 - 0x00007ffc87981000 	C:\Users\Public\frc2019\jdk\bin\server\jvm.dll
0x00007ffccaa80000 - 0x00007ffccab21000 	C:\Windows\System32\ADVAPI32.dll
0x00007ffccaa20000 - 0x00007ffccaa7b000 	C:\Windows\System32\sechost.dll
0x00007ffcc9020000 - 0x00007ffcc9028000 	C:\Windows\System32\PSAPI.DLL
0x00007ffcc4040000 - 0x00007ffcc4063000 	C:\Windows\SYSTEM32\WINMM.dll
0x00007ffcae740000 - 0x00007ffcae749000 	C:\Windows\SYSTEM32\WSOCK32.dll
0x00007ffcbd8b0000 - 0x00007ffcbd8ba000 	C:\Windows\SYSTEM32\VERSION.dll
0x00007ffccb770000 - 0x00007ffccb7dc000 	C:\Windows\System32\WS2_32.dll
0x00007ffcc4010000 - 0x00007ffcc403a000 	C:\Windows\SYSTEM32\WINMMBASE.dll
0x00007ffcc8c40000 - 0x00007ffcc8c89000 	C:\Windows\System32\cfgmgr32.dll
0x00007ffcc7f40000 - 0x00007ffcc7f51000 	C:\Windows\System32\kernel.appcore.dll
0x00007ffcacbc0000 - 0x00007ffcacbd1000 	C:\Users\Public\frc2019\jdk\bin\verify.dll
0x00007ffcc67c0000 - 0x00007ffcc6989000 	C:\Windows\SYSTEM32\DBGHELP.DLL
0x00007ffca9300000 - 0x00007ffca9329000 	C:\Windows\SYSTEM32\dbgcore.DLL
0x00007ffcaa750000 - 0x00007ffcaa778000 	C:\Users\Public\frc2019\jdk\bin\java.dll
0x00007ffcaa730000 - 0x00007ffcaa746000 	C:\Users\Public\frc2019\jdk\bin\zip.dll
0x00007ffcb3cc0000 - 0x00007ffcb3cca000 	C:\Users\Public\frc2019\jdk\bin\jimage.dll
0x00007ffcc9360000 - 0x00007ffcca7a0000 	C:\Windows\System32\SHELL32.dll
0x00007ffccb980000 - 0x00007ffccba29000 	C:\Windows\System32\shcore.dll
0x00007ffcc81b0000 - 0x00007ffcc88bd000 	C:\Windows\System32\windows.storage.dll
0x00007ffccb4d0000 - 0x00007ffccb521000 	C:\Windows\System32\shlwapi.dll
0x00007ffcc7eb0000 - 0x00007ffcc7ecf000 	C:\Windows\System32\profapi.dll
0x00007ffcc7ef0000 - 0x00007ffcc7f3c000 	C:\Windows\System32\powrprof.dll
0x00007ffcc7ea0000 - 0x00007ffcc7eaa000 	C:\Windows\System32\FLTLIB.DLL
0x00007ffca7fb0000 - 0x00007ffca7fc9000 	C:\Users\Public\frc2019\jdk\bin\net.dll
0x00007ffcc0de0000 - 0x00007ffcc0ebd000 	C:\Windows\SYSTEM32\WINHTTP.dll
0x00007ffcc7720000 - 0x00007ffcc7786000 	C:\Windows\system32\mswsock.dll
0x00007ffca5aa0000 - 0x00007ffca5ab3000 	C:\Users\Public\frc2019\jdk\bin\nio.dll
0x00007ffcbdf80000 - 0x00007ffcbdf9e000 	C:\Users\piphi\.gradle\native\25\windows-amd64\native-platform.dll
0x00007ffcbdf60000 - 0x00007ffcbdf69000 	C:\Users\Public\frc2019\jdk\bin\management.dll
0x00007ffcbd8a0000 - 0x00007ffcbd8ac000 	C:\Users\Public\frc2019\jdk\bin\management_ext.dll
0x00007ffcc78d0000 - 0x00007ffcc78e7000 	C:\Windows\SYSTEM32\CRYPTSP.dll
0x00007ffcc7300000 - 0x00007ffcc7333000 	C:\Windows\system32\rsaenh.dll
0x00007ffcc7a00000 - 0x00007ffcc7a25000 	C:\Windows\SYSTEM32\bcrypt.dll
0x00007ffcc7da0000 - 0x00007ffcc7dc8000 	C:\Windows\SYSTEM32\USERENV.dll
0x00007ffcc78f0000 - 0x00007ffcc78fb000 	C:\Windows\SYSTEM32\CRYPTBASE.dll
0x00007ffcc74a0000 - 0x00007ffcc74d8000 	C:\Windows\SYSTEM32\IPHLPAPI.DLL
0x00007ffccb1d0000 - 0x00007ffccb1d8000 	C:\Windows\System32\NSI.dll
0x00007ffcbc130000 - 0x00007ffcbc146000 	C:\Windows\SYSTEM32\dhcpcsvc6.DLL
0x00007ffcbc460000 - 0x00007ffcbc47a000 	C:\Windows\SYSTEM32\dhcpcsvc.DLL

dbghelp: loaded successfully - version: 4.0.5 - missing functions: none
symbol engine: initialized successfully - sym options: 0x614 - pdb path: .;C:\Users\Public\frc2019\jdk\bin;C:\Windows\SYSTEM32;C:\Windows\WinSxS\amd64_microsoft.windows.common-controls_6595b64144ccf1df_6.0.17134.765_none_fb42a1a930655896;C:\Users\Public\frc2019\jdk\bin\server;C:\Users\piphi\.gradle\native\25\windows-amd64

VM Arguments:
jvm_args: --add-opens=java.base/java.util=ALL-UNNAMED --add-opens=java.base/java.lang=ALL-UNNAMED --add-opens=java.base/java.lang.invoke=ALL-UNNAMED --add-opens=java.prefs/java.util.prefs=ALL-UNNAMED -XX:MaxMetaspaceSize=256m -XX:+HeapDumpOnOutOfMemoryError -Xmx512m -Dfile.encoding=windows-1252 -Duser.country=US -Duser.language=en -Duser.variant 
java_command: org.gradle.launcher.daemon.bootstrap.GradleDaemon 5.0
java_class_path (initial): C:\Users\piphi\.gradle\permwrapper\dists\gradle-5.0-bin\pu5208521seraqlersebvqk\gradle-5.0\lib\gradle-launcher-5.0.jar
Launcher Type: SUN_STANDARD

[Global flags]
     intx CICompilerCount                          = 4                                         {product} {ergonomic}
   size_t CompressedClassSpaceSize                 = 260046848                                 {product} {ergonomic}
     uint ConcGCThreads                            = 2                                         {product} {ergonomic}
     uint G1ConcRefinementThreads                  = 8                                         {product} {ergonomic}
   size_t G1HeapRegionSize                         = 1048576                                   {product} {ergonomic}
    uintx GCDrainStackTargetSize                   = 64                                        {product} {ergonomic}
     bool HeapDumpOnOutOfMemoryError               = true                                   {manageable} {command line}
   size_t InitialHeapSize                          = 266338304                                 {product} {ergonomic}
   size_t MarkStackSize                            = 4194304                                   {product} {ergonomic}
   size_t MaxHeapSize                              = 536870912                                 {product} {command line}
   size_t MaxMetaspaceSize                         = 268435456                                 {product} {command line}
   size_t MaxNewSize                               = 321912832                                 {product} {ergonomic}
   size_t MinHeapDeltaBytes                        = 1048576                                   {product} {ergonomic}
    uintx NonNMethodCodeHeapSize                   = 5835340                                {pd product} {ergonomic}
    uintx NonProfiledCodeHeapSize                  = 122911450                              {pd product} {ergonomic}
    uintx ProfiledCodeHeapSize                     = 122911450                              {pd product} {ergonomic}
    uintx ReservedCodeCacheSize                    = 251658240                              {pd product} {ergonomic}
     bool SegmentedCodeCache                       = true                                      {product} {ergonomic}
     bool UseCompressedClassPointers               = true                                 {lp64_product} {ergonomic}
     bool UseCompressedOops                        = true                                 {lp64_product} {ergonomic}
     bool UseG1GC                                  = true                                      {product} {ergonomic}
     bool UseLargePagesIndividualAllocation        = false                                  {pd product} {ergonomic}

Logging:
Log output configuration:
 #0: stdout all=warning uptime,level,tags
 #1: stderr all=off uptime,level,tags

Environment Variables:
JAVA_HOME=C:\Users\Public\frc2019\jdk
CLASSPATH=c:\Users\piphi\OneDrive\Documents\Phantom6901\Phantom2019OffSeason\\gradle\wrapper\gradle-wrapper.jar
PATH=C:\Users\Public\frc2019\jdk\bin:C:\Program Files (x86)\Common Files\Oracle\Java\javapath;C:\Program Files (x86)\Intel\Intel(R) Management Engine Components\iCLS\;C:\Program Files\Intel\Intel(R) Management Engine Components\iCLS\;C:\Windows\system32;C:\Windows;C:\Windows\System32\Wbem;C:\Windows\System32\WindowsPowerShell\v1.0\;C:\Windows\System32\OpenSSH\;C:\Program Files (x86)\Intel\Intel(R) Management Engine Components\DAL;C:\Program Files\Intel\Intel(R) Management Engine Components\DAL;C:\Program Files\Intel\WiFi\bin\;C:\Program Files\Common Files\Intel\WirelessCommon\;C:\Program Files\Git\cmd;C:\Program Files\Java\jdk-11.0.1\bin;C:\Users\Public\frc2019\roborio\bin;C:\Users\Public\frc2019\frccode;C:\Users\piphi\AppData\Local\Programs\Python\Python37-32\Scripts\;C:\Users\piphi\AppData\Local\Programs\Python\Python37-32\;C:\Users\piphi\AppData\Local\Microsoft\WindowsApps;C:\Users\piphi\AppData\Local\Programs\Microsoft VS Code\bin;C:\Users\Public\frc2019\roborio\bin;C:\Users\Public\frc2019\frccode;C:\Program Files\Java\jdk-11.0.1;C:\Users\piphi\Downloads\apache-maven-3.6.1-bin\apache-maven-3.6.1\bin;
USERNAME=piphi
OS=Windows_NT
PROCESSOR_IDENTIFIER=Intel64 Family 6 Model 142 Stepping 11, GenuineIntel



---------------  S Y S T E M  ---------------

OS: Windows 10 , 64 bit Build 17134 (10.0.17134.753)

CPU:total 8 (initial active 8) (4 cores per cpu, 2 threads per core) family 6 model 142 stepping 11, cmov, cx8, fxsr, mmx, sse, sse2, sse3, ssse3, sse4.1, sse4.2, popcnt, avx, avx2, aes, clmul, erms, 3dnowpref, lzcnt, ht, tsc, tscinvbit, bmi1, bmi2, adx, fma

Memory: 4k page, system-wide physical 16164M (4406M free)
TotalPageFile size 20260M (AvailPageFile size 5M)
current process WorkingSet (physical memory assigned to process): 260M, peak: 260M
current process commit charge ("private bytes"): 455M, peak: 457M

vm_info: OpenJDK 64-Bit Server VM (11.0.1+13) for windows-amd64 JRE (11.0.1+13), built on Oct  6 2018 13:18:13 by "mach5one" with MS VC++ 15.5 (VS2017)

END.
